<?xml version="1.0" encoding="UTF-8"?>
<testsuite xmlns:xsi="http://www.w3.org/2001/XMLSchema-instance" xsi:noNamespaceSchemaLocation="https://maven.apache.org/surefire/maven-surefire-plugin/xsd/surefire-test-report-3.0.xsd" version="3.0" name="com.example.msloader.KafkaToPostgresIntegrationTest" time="3.832" tests="1" errors="0" skipped="0" failures="0">
  <properties>
[...]
</properties>
  <testcase name="shouldConsumeFromAllTopicsAndPersistMessagesToPostgres" classname="com.example.msloader.KafkaToPostgresIntegrationTest" time="0.726">
    <system-out><![CDATA[02:17:23.233 [main] INFO org.testcontainers.DockerClientFactory -- Testcontainers version: 1.21.4
02:17:23.371 [main] INFO org.testcontainers.dockerclient.DockerClientProviderStrategy -- Found Docker environment with Environment variables, system properties and defaults. Resolved dockerHost=unix:///Users/victor/.colima/default/docker.sock
02:17:23.372 [main] INFO org.testcontainers.DockerClientFactory -- Docker host IP address is localhost
02:17:23.377 [main] INFO org.testcontainers.DockerClientFactory -- Connected to docker: 
  Server Version: 29.2.1
  API Version: 1.53
  Operating System: Ubuntu 24.04.4 LTS
  Total Memory: 1959 MB
02:17:23.383 [main] INFO org.testcontainers.images.PullPolicy -- Image pull policy will be performed by: DefaultPullPolicy()
02:17:23.383 [main] INFO org.testcontainers.utility.ImageNameSubstitutor -- Image name substitution will be performed by: DefaultImageNameSubstitutor (composite of 'ConfigurationFileImageNameSubstitutor' and 'PrefixingImageNameSubstitutor')
02:17:23.411 [main] INFO tc.testcontainers/ryuk:0.12.0 -- Creating container for image: testcontainers/ryuk:0.12.0
02:17:23.451 [main] INFO tc.testcontainers/ryuk:0.12.0 -- Container testcontainers/ryuk:0.12.0 is starting: d22f16cb51b7f020437f3d944a6bb363c65564b7aed088e69b3c4fdf6ddea28d
02:17:23.553 [main] INFO tc.testcontainers/ryuk:0.12.0 -- Container testcontainers/ryuk:0.12.0 started in PT0.141251S
02:17:23.557 [main] INFO org.testcontainers.utility.RyukResourceReaper -- Ryuk started - will monitor and terminate Testcontainers containers on JVM exit
02:17:23.558 [main] INFO org.testcontainers.DockerClientFactory -- Checking the system...
02:17:23.558 [main] INFO org.testcontainers.DockerClientFactory -- ✔︎ Docker server version should be at least 1.6.0
02:17:23.562 [testcontainers-lifecycle-0] INFO tc.postgres:16-alpine -- Creating container for image: postgres:16-alpine
02:17:23.563 [testcontainers-lifecycle-1] INFO tc.apache/kafka:3.9.1 -- Creating container for image: apache/kafka:3.9.1
02:17:23.591 [testcontainers-lifecycle-1] INFO tc.apache/kafka:3.9.1 -- Container apache/kafka:3.9.1 is starting: 816324ad8401eec127a1b2f7ebab4ba218d36849d7761eadfb32573ca2f0bf61
02:17:23.592 [testcontainers-lifecycle-0] INFO tc.postgres:16-alpine -- Container postgres:16-alpine is starting: 645607564a3a3514fbaa11349b39398dd5cf28b8cba213e083ebe22d8749d2f1
02:17:24.248 [testcontainers-lifecycle-0] INFO tc.postgres:16-alpine -- Container postgres:16-alpine started in PT0.685608S
02:17:24.248 [testcontainers-lifecycle-0] INFO tc.postgres:16-alpine -- Container is started (JDBC URL: jdbc:postgresql://localhost:32788/test?loggerLevel=OFF)
02:17:24.990 [testcontainers-lifecycle-1] INFO tc.apache/kafka:3.9.1 -- Container apache/kafka:3.9.1 started in PT1.427628S
02:17:25.019 [main] INFO org.springframework.test.context.support.AnnotationConfigContextLoaderUtils -- Could not detect default configuration classes for test class [com.example.msloader.KafkaToPostgresIntegrationTest]: KafkaToPostgresIntegrationTest does not declare any static, non-private, non-final, nested classes annotated with @Configuration.
02:17:25.048 [main] INFO org.springframework.boot.test.context.SpringBootTestContextBootstrapper -- Found @SpringBootConfiguration com.example.msloader.MsSpringLoaderApplication for test class com.example.msloader.KafkaToPostgresIntegrationTest

  .   ____          _            __ _ _
 /\\ / ___'_ __ _ _(_)_ __  __ _ \ \ \ \
( ( )\___ | '_ | '_| | '_ \/ _` | \ \ \ \
 \\/  ___)| |_)| | | | | || (_| |  ) ) ) )
  '  |____| .__|_| |_|_| |_\__, | / / / /
 =========|_|==============|___/=/_/_/_/

 :: Spring Boot ::                (v3.3.5)

2026-05-05T02:17:25.157+03:00  INFO 53855 --- [ms-spring-loader] [           main] c.e.m.KafkaToPostgresIntegrationTest     : Starting KafkaToPostgresIntegrationTest using Java 17.0.19 with PID 53855 (started by victor in /Users/victor/dev/ms-sping-loader)
2026-05-05T02:17:25.158+03:00  INFO 53855 --- [ms-spring-loader] [           main] c.e.m.KafkaToPostgresIntegrationTest     : No active profile set, falling back to 1 default profile: "default"
2026-05-05T02:17:25.299+03:00  INFO 53855 --- [ms-spring-loader] [           main] .s.d.r.c.RepositoryConfigurationDelegate : Bootstrapping Spring Data JPA repositories in DEFAULT mode.
2026-05-05T02:17:25.313+03:00  INFO 53855 --- [ms-spring-loader] [           main] .s.d.r.c.RepositoryConfigurationDelegate : Finished Spring Data repository scanning in 11 ms. Found 1 JPA repository interface.
2026-05-05T02:17:25.417+03:00  INFO 53855 --- [ms-spring-loader] [           main] com.zaxxer.hikari.HikariDataSource       : HikariPool-1 - Starting...
2026-05-05T02:17:25.475+03:00  INFO 53855 --- [ms-spring-loader] [           main] com.zaxxer.hikari.pool.HikariPool        : HikariPool-1 - Added connection org.postgresql.jdbc.PgConnection@7b1a30e5
2026-05-05T02:17:25.476+03:00  INFO 53855 --- [ms-spring-loader] [           main] com.zaxxer.hikari.HikariDataSource       : HikariPool-1 - Start completed.
2026-05-05T02:17:25.505+03:00  INFO 53855 --- [ms-spring-loader] [           main] o.hibernate.jpa.internal.util.LogHelper  : HHH000204: Processing PersistenceUnitInfo [name: default]
2026-05-05T02:17:25.525+03:00  INFO 53855 --- [ms-spring-loader] [           main] org.hibernate.Version                    : HHH000412: Hibernate ORM core version 6.5.3.Final
2026-05-05T02:17:25.536+03:00  INFO 53855 --- [ms-spring-loader] [           main] o.h.c.internal.RegionFactoryInitiator    : HHH000026: Second-level cache disabled
2026-05-05T02:17:25.629+03:00  INFO 53855 --- [ms-spring-loader] [           main] o.s.o.j.p.SpringPersistenceUnitInfo      : No LoadTimeWeaver setup: ignoring JPA class transformer
2026-05-05T02:17:26.006+03:00  INFO 53855 --- [ms-spring-loader] [           main] o.h.e.t.j.p.i.JtaPlatformInitiator       : HHH000489: No JTA platform available (set 'hibernate.transaction.jta.platform' to enable JTA platform integration)
2026-05-05T02:17:26.020+03:00  INFO 53855 --- [ms-spring-loader] [           main] j.LocalContainerEntityManagerFactoryBean : Initialized JPA EntityManagerFactory for persistence unit 'default'
2026-05-05T02:17:26.218+03:00  INFO 53855 --- [ms-spring-loader] [           main] o.a.k.clients.consumer.ConsumerConfig    : ConsumerConfig values: 
	allow.auto.create.topics = true
	auto.commit.interval.ms = 5000
	auto.include.jmx.reporter = true
	auto.offset.reset = earliest
	bootstrap.servers = [localhost:32787]
	check.crcs = true
	client.dns.lookup = use_all_dns_ips
	client.id = consumer-kafka-loader-listener-1
	client.rack = 
	connections.max.idle.ms = 540000
	default.api.timeout.ms = 60000
	enable.auto.commit = false
	enable.metrics.push = true
	exclude.internal.topics = true
	fetch.max.bytes = 52428800
	fetch.max.wait.ms = 500
	fetch.min.bytes = 1
	group.id = kafka-loader-listener
	group.instance.id = null
	group.protocol = classic
	group.remote.assignor = null
	heartbeat.interval.ms = 3000
	interceptor.classes = []
	internal.leave.group.on.close = true
	internal.throw.on.fetch.stable.offset.unsupported = false
	isolation.level = read_uncommitted
	key.deserializer = class org.apache.kafka.common.serialization.StringDeserializer
	max.partition.fetch.bytes = 1048576
	max.poll.interval.ms = 300000
	max.poll.records = 500
	metadata.max.age.ms = 300000
	metric.reporters = []
	metrics.num.samples = 2
	metrics.recording.level = INFO
	metrics.sample.window.ms = 30000
	partition.assignment.strategy = [class org.apache.kafka.clients.consumer.RangeAssignor, class org.apache.kafka.clients.consumer.CooperativeStickyAssignor]
	receive.buffer.bytes = 65536
	reconnect.backoff.max.ms = 1000
	reconnect.backoff.ms = 50
	request.timeout.ms = 30000
	retry.backoff.max.ms = 1000
	retry.backoff.ms = 100
	sasl.client.callback.handler.class = null
	sasl.jaas.config = null
	sasl.kerberos.kinit.cmd = /usr/bin/kinit
	sasl.kerberos.min.time.before.relogin = 60000
	sasl.kerberos.service.name = null
	sasl.kerberos.ticket.renew.jitter = 0.05
	sasl.kerberos.ticket.renew.window.factor = 0.8
	sasl.login.callback.handler.class = null
	sasl.login.class = null
	sasl.login.connect.timeout.ms = null
	sasl.login.read.timeout.ms = null
	sasl.login.refresh.buffer.seconds = 300
	sasl.login.refresh.min.period.seconds = 60
	sasl.login.refresh.window.factor = 0.8
	sasl.login.refresh.window.jitter = 0.05
	sasl.login.retry.backoff.max.ms = 10000
	sasl.login.retry.backoff.ms = 100
	sasl.mechanism = GSSAPI
	sasl.oauthbearer.clock.skew.seconds = 30
	sasl.oauthbearer.expected.audience = null
	sasl.oauthbearer.expected.issuer = null
	sasl.oauthbearer.jwks.endpoint.refresh.ms = 3600000
	sasl.oauthbearer.jwks.endpoint.retry.backoff.max.ms = 10000
	sasl.oauthbearer.jwks.endpoint.retry.backoff.ms = 100
	sasl.oauthbearer.jwks.endpoint.url = null
	sasl.oauthbearer.scope.claim.name = scope
	sasl.oauthbearer.sub.claim.name = sub
	sasl.oauthbearer.token.endpoint.url = null
	security.protocol = PLAINTEXT
	security.providers = null
	send.buffer.bytes = 131072
	session.timeout.ms = 45000
	socket.connection.setup.timeout.max.ms = 30000
	socket.connection.setup.timeout.ms = 10000
	ssl.cipher.suites = null
	ssl.enabled.protocols = [TLSv1.2, TLSv1.3]
	ssl.endpoint.identification.algorithm = https
	ssl.engine.factory.class = null
	ssl.key.password = null
	ssl.keymanager.algorithm = SunX509
	ssl.keystore.certificate.chain = null
	ssl.keystore.key = null
	ssl.keystore.location = null
	ssl.keystore.password = null
	ssl.keystore.type = JKS
	ssl.protocol = TLSv1.3
	ssl.provider = null
	ssl.secure.random.implementation = null
	ssl.trustmanager.algorithm = PKIX
	ssl.truststore.certificates = null
	ssl.truststore.location = null
	ssl.truststore.password = null
	ssl.truststore.type = JKS
	value.deserializer = class org.apache.kafka.common.serialization.StringDeserializer

2026-05-05T02:17:26.234+03:00  INFO 53855 --- [ms-spring-loader] [           main] o.a.k.c.t.i.KafkaMetricsCollector        : initializing Kafka metrics collector
2026-05-05T02:17:26.270+03:00  INFO 53855 --- [ms-spring-loader] [           main] o.a.k.clients.consumer.ConsumerConfig    : These configurations '[spring.json.trusted.packages]' were supplied but are not used yet.
2026-05-05T02:17:26.271+03:00  INFO 53855 --- [ms-spring-loader] [           main] o.a.kafka.common.utils.AppInfoParser     : Kafka version: 3.7.1
2026-05-05T02:17:26.271+03:00  INFO 53855 --- [ms-spring-loader] [           main] o.a.kafka.common.utils.AppInfoParser     : Kafka commitId: e2494e6ffb89f828
2026-05-05T02:17:26.271+03:00  INFO 53855 --- [ms-spring-loader] [           main] o.a.kafka.common.utils.AppInfoParser     : Kafka startTimeMs: 1777936646271
2026-05-05T02:17:26.272+03:00  INFO 53855 --- [ms-spring-loader] [           main] o.a.k.c.c.internals.LegacyKafkaConsumer  : [Consumer clientId=consumer-kafka-loader-listener-1, groupId=kafka-loader-listener] Subscribed to topic(s): topic-1, topic-2, topic-3, topic-4
2026-05-05T02:17:26.274+03:00  INFO 53855 --- [ms-spring-loader] [           main] o.a.k.clients.consumer.ConsumerConfig    : ConsumerConfig values: 
	allow.auto.create.topics = true
	auto.commit.interval.ms = 5000
	auto.include.jmx.reporter = true
	auto.offset.reset = earliest
	bootstrap.servers = [localhost:32787]
	check.crcs = true
	client.dns.lookup = use_all_dns_ips
	client.id = consumer-kafka-loader-listener-2
	client.rack = 
	connections.max.idle.ms = 540000
	default.api.timeout.ms = 60000
	enable.auto.commit = false
	enable.metrics.push = true
	exclude.internal.topics = true
	fetch.max.bytes = 52428800
	fetch.max.wait.ms = 500
	fetch.min.bytes = 1
	group.id = kafka-loader-listener
	group.instance.id = null
	group.protocol = classic
	group.remote.assignor = null
	heartbeat.interval.ms = 3000
	interceptor.classes = []
	internal.leave.group.on.close = true
	internal.throw.on.fetch.stable.offset.unsupported = false
	isolation.level = read_uncommitted
	key.deserializer = class org.apache.kafka.common.serialization.StringDeserializer
	max.partition.fetch.bytes = 1048576
	max.poll.interval.ms = 300000
	max.poll.records = 500
	metadata.max.age.ms = 300000
	metric.reporters = []
	metrics.num.samples = 2
	metrics.recording.level = INFO
	metrics.sample.window.ms = 30000
	partition.assignment.strategy = [class org.apache.kafka.clients.consumer.RangeAssignor, class org.apache.kafka.clients.consumer.CooperativeStickyAssignor]
	receive.buffer.bytes = 65536
	reconnect.backoff.max.ms = 1000
	reconnect.backoff.ms = 50
	request.timeout.ms = 30000
	retry.backoff.max.ms = 1000
	retry.backoff.ms = 100
	sasl.client.callback.handler.class = null
	sasl.jaas.config = null
	sasl.kerberos.kinit.cmd = /usr/bin/kinit
	sasl.kerberos.min.time.before.relogin = 60000
	sasl.kerberos.service.name = null
	sasl.kerberos.ticket.renew.jitter = 0.05
	sasl.kerberos.ticket.renew.window.factor = 0.8
	sasl.login.callback.handler.class = null
	sasl.login.class = null
	sasl.login.connect.timeout.ms = null
	sasl.login.read.timeout.ms = null
	sasl.login.refresh.buffer.seconds = 300
	sasl.login.refresh.min.period.seconds = 60
	sasl.login.refresh.window.factor = 0.8
	sasl.login.refresh.window.jitter = 0.05
	sasl.login.retry.backoff.max.ms = 10000
	sasl.login.retry.backoff.ms = 100
	sasl.mechanism = GSSAPI
	sasl.oauthbearer.clock.skew.seconds = 30
	sasl.oauthbearer.expected.audience = null
	sasl.oauthbearer.expected.issuer = null
	sasl.oauthbearer.jwks.endpoint.refresh.ms = 3600000
	sasl.oauthbearer.jwks.endpoint.retry.backoff.max.ms = 10000
	sasl.oauthbearer.jwks.endpoint.retry.backoff.ms = 100
	sasl.oauthbearer.jwks.endpoint.url = null
	sasl.oauthbearer.scope.claim.name = scope
	sasl.oauthbearer.sub.claim.name = sub
	sasl.oauthbearer.token.endpoint.url = null
	security.protocol = PLAINTEXT
	security.providers = null
	send.buffer.bytes = 131072
	session.timeout.ms = 45000
	socket.connection.setup.timeout.max.ms = 30000
	socket.connection.setup.timeout.ms = 10000
	ssl.cipher.suites = null
	ssl.enabled.protocols = [TLSv1.2, TLSv1.3]
	ssl.endpoint.identification.algorithm = https
	ssl.engine.factory.class = null
	ssl.key.password = null
	ssl.keymanager.algorithm = SunX509
	ssl.keystore.certificate.chain = null
	ssl.keystore.key = null
	ssl.keystore.location = null
	ssl.keystore.password = null
	ssl.keystore.type = JKS
	ssl.protocol = TLSv1.3
	ssl.provider = null
	ssl.secure.random.implementation = null
	ssl.trustmanager.algorithm = PKIX
	ssl.truststore.certificates = null
	ssl.truststore.location = null
	ssl.truststore.password = null
	ssl.truststore.type = JKS
	value.deserializer = class org.apache.kafka.common.serialization.StringDeserializer

2026-05-05T02:17:26.275+03:00  INFO 53855 --- [ms-spring-loader] [           main] o.a.k.c.t.i.KafkaMetricsCollector        : initializing Kafka metrics collector
2026-05-05T02:17:26.277+03:00  INFO 53855 --- [ms-spring-loader] [           main] o.a.k.clients.consumer.ConsumerConfig    : These configurations '[spring.json.trusted.packages]' were supplied but are not used yet.
2026-05-05T02:17:26.277+03:00  INFO 53855 --- [ms-spring-loader] [           main] o.a.kafka.common.utils.AppInfoParser     : Kafka version: 3.7.1
2026-05-05T02:17:26.277+03:00  INFO 53855 --- [ms-spring-loader] [           main] o.a.kafka.common.utils.AppInfoParser     : Kafka commitId: e2494e6ffb89f828
2026-05-05T02:17:26.277+03:00  INFO 53855 --- [ms-spring-loader] [           main] o.a.kafka.common.utils.AppInfoParser     : Kafka startTimeMs: 1777936646277
2026-05-05T02:17:26.277+03:00  INFO 53855 --- [ms-spring-loader] [           main] o.a.k.c.c.internals.LegacyKafkaConsumer  : [Consumer clientId=consumer-kafka-loader-listener-2, groupId=kafka-loader-listener] Subscribed to topic(s): topic-1, topic-2, topic-3, topic-4
2026-05-05T02:17:26.277+03:00  INFO 53855 --- [ms-spring-loader] [           main] o.a.k.clients.consumer.ConsumerConfig    : ConsumerConfig values: 
	allow.auto.create.topics = true
	auto.commit.interval.ms = 5000
	auto.include.jmx.reporter = true
	auto.offset.reset = earliest
	bootstrap.servers = [localhost:32787]
	check.crcs = true
	client.dns.lookup = use_all_dns_ips
	client.id = consumer-kafka-loader-listener-3
	client.rack = 
	connections.max.idle.ms = 540000
	default.api.timeout.ms = 60000
	enable.auto.commit = false
	enable.metrics.push = true
	exclude.internal.topics = true
	fetch.max.bytes = 52428800
	fetch.max.wait.ms = 500
	fetch.min.bytes = 1
	group.id = kafka-loader-listener
	group.instance.id = null
	group.protocol = classic
	group.remote.assignor = null
	heartbeat.interval.ms = 3000
	interceptor.classes = []
	internal.leave.group.on.close = true
	internal.throw.on.fetch.stable.offset.unsupported = false
	isolation.level = read_uncommitted
	key.deserializer = class org.apache.kafka.common.serialization.StringDeserializer
	max.partition.fetch.bytes = 1048576
	max.poll.interval.ms = 300000
	max.poll.records = 500
	metadata.max.age.ms = 300000
	metric.reporters = []
	metrics.num.samples = 2
	metrics.recording.level = INFO
	metrics.sample.window.ms = 30000
	partition.assignment.strategy = [class org.apache.kafka.clients.consumer.RangeAssignor, class org.apache.kafka.clients.consumer.CooperativeStickyAssignor]
	receive.buffer.bytes = 65536
	reconnect.backoff.max.ms = 1000
	reconnect.backoff.ms = 50
	request.timeout.ms = 30000
	retry.backoff.max.ms = 1000
	retry.backoff.ms = 100
	sasl.client.callback.handler.class = null
	sasl.jaas.config = null
	sasl.kerberos.kinit.cmd = /usr/bin/kinit
	sasl.kerberos.min.time.before.relogin = 60000
	sasl.kerberos.service.name = null
	sasl.kerberos.ticket.renew.jitter = 0.05
	sasl.kerberos.ticket.renew.window.factor = 0.8
	sasl.login.callback.handler.class = null
	sasl.login.class = null
	sasl.login.connect.timeout.ms = null
	sasl.login.read.timeout.ms = null
	sasl.login.refresh.buffer.seconds = 300
	sasl.login.refresh.min.period.seconds = 60
	sasl.login.refresh.window.factor = 0.8
	sasl.login.refresh.window.jitter = 0.05
	sasl.login.retry.backoff.max.ms = 10000
	sasl.login.retry.backoff.ms = 100
	sasl.mechanism = GSSAPI
	sasl.oauthbearer.clock.skew.seconds = 30
	sasl.oauthbearer.expected.audience = null
	sasl.oauthbearer.expected.issuer = null
	sasl.oauthbearer.jwks.endpoint.refresh.ms = 3600000
	sasl.oauthbearer.jwks.endpoint.retry.backoff.max.ms = 10000
	sasl.oauthbearer.jwks.endpoint.retry.backoff.ms = 100
	sasl.oauthbearer.jwks.endpoint.url = null
	sasl.oauthbearer.scope.claim.name = scope
	sasl.oauthbearer.sub.claim.name = sub
	sasl.oauthbearer.token.endpoint.url = null
	security.protocol = PLAINTEXT
	security.providers = null
	send.buffer.bytes = 131072
	session.timeout.ms = 45000
	socket.connection.setup.timeout.max.ms = 30000
	socket.connection.setup.timeout.ms = 10000
	ssl.cipher.suites = null
	ssl.enabled.protocols = [TLSv1.2, TLSv1.3]
	ssl.endpoint.identification.algorithm = https
	ssl.engine.factory.class = null
	ssl.key.password = null
	ssl.keymanager.algorithm = SunX509
	ssl.keystore.certificate.chain = null
	ssl.keystore.key = null
	ssl.keystore.location = null
	ssl.keystore.password = null
	ssl.keystore.type = JKS
	ssl.protocol = TLSv1.3
	ssl.provider = null
	ssl.secure.random.implementation = null
	ssl.trustmanager.algorithm = PKIX
	ssl.truststore.certificates = null
	ssl.truststore.location = null
	ssl.truststore.password = null
	ssl.truststore.type = JKS
	value.deserializer = class org.apache.kafka.common.serialization.StringDeserializer

2026-05-05T02:17:26.278+03:00  INFO 53855 --- [ms-spring-loader] [           main] o.a.k.c.t.i.KafkaMetricsCollector        : initializing Kafka metrics collector
2026-05-05T02:17:26.279+03:00  INFO 53855 --- [ms-spring-loader] [           main] o.a.k.clients.consumer.ConsumerConfig    : These configurations '[spring.json.trusted.packages]' were supplied but are not used yet.
2026-05-05T02:17:26.279+03:00  INFO 53855 --- [ms-spring-loader] [           main] o.a.kafka.common.utils.AppInfoParser     : Kafka version: 3.7.1
2026-05-05T02:17:26.279+03:00  INFO 53855 --- [ms-spring-loader] [           main] o.a.kafka.common.utils.AppInfoParser     : Kafka commitId: e2494e6ffb89f828
2026-05-05T02:17:26.279+03:00  INFO 53855 --- [ms-spring-loader] [           main] o.a.kafka.common.utils.AppInfoParser     : Kafka startTimeMs: 1777936646279
2026-05-05T02:17:26.279+03:00  INFO 53855 --- [ms-spring-loader] [           main] o.a.k.c.c.internals.LegacyKafkaConsumer  : [Consumer clientId=consumer-kafka-loader-listener-3, groupId=kafka-loader-listener] Subscribed to topic(s): topic-1, topic-2, topic-3, topic-4
2026-05-05T02:17:26.280+03:00  INFO 53855 --- [ms-spring-loader] [           main] o.a.k.clients.consumer.ConsumerConfig    : ConsumerConfig values: 
	allow.auto.create.topics = true
	auto.commit.interval.ms = 5000
	auto.include.jmx.reporter = true
	auto.offset.reset = earliest
	bootstrap.servers = [localhost:32787]
	check.crcs = true
	client.dns.lookup = use_all_dns_ips
	client.id = consumer-kafka-loader-listener-4
	client.rack = 
	connections.max.idle.ms = 540000
	default.api.timeout.ms = 60000
	enable.auto.commit = false
	enable.metrics.push = true
	exclude.internal.topics = true
	fetch.max.bytes = 52428800
	fetch.max.wait.ms = 500
	fetch.min.bytes = 1
	group.id = kafka-loader-listener
	group.instance.id = null
	group.protocol = classic
	group.remote.assignor = null
	heartbeat.interval.ms = 3000
	interceptor.classes = []
	internal.leave.group.on.close = true
	internal.throw.on.fetch.stable.offset.unsupported = false
	isolation.level = read_uncommitted
	key.deserializer = class org.apache.kafka.common.serialization.StringDeserializer
	max.partition.fetch.bytes = 1048576
	max.poll.interval.ms = 300000
	max.poll.records = 500
	metadata.max.age.ms = 300000
	metric.reporters = []
	metrics.num.samples = 2
	metrics.recording.level = INFO
	metrics.sample.window.ms = 30000
	partition.assignment.strategy = [class org.apache.kafka.clients.consumer.RangeAssignor, class org.apache.kafka.clients.consumer.CooperativeStickyAssignor]
	receive.buffer.bytes = 65536
	reconnect.backoff.max.ms = 1000
	reconnect.backoff.ms = 50
	request.timeout.ms = 30000
	retry.backoff.max.ms = 1000
	retry.backoff.ms = 100
	sasl.client.callback.handler.class = null
	sasl.jaas.config = null
	sasl.kerberos.kinit.cmd = /usr/bin/kinit
	sasl.kerberos.min.time.before.relogin = 60000
	sasl.kerberos.service.name = null
	sasl.kerberos.ticket.renew.jitter = 0.05
	sasl.kerberos.ticket.renew.window.factor = 0.8
	sasl.login.callback.handler.class = null
	sasl.login.class = null
	sasl.login.connect.timeout.ms = null
	sasl.login.read.timeout.ms = null
	sasl.login.refresh.buffer.seconds = 300
	sasl.login.refresh.min.period.seconds = 60
	sasl.login.refresh.window.factor = 0.8
	sasl.login.refresh.window.jitter = 0.05
	sasl.login.retry.backoff.max.ms = 10000
	sasl.login.retry.backoff.ms = 100
	sasl.mechanism = GSSAPI
	sasl.oauthbearer.clock.skew.seconds = 30
	sasl.oauthbearer.expected.audience = null
	sasl.oauthbearer.expected.issuer = null
	sasl.oauthbearer.jwks.endpoint.refresh.ms = 3600000
	sasl.oauthbearer.jwks.endpoint.retry.backoff.max.ms = 10000
	sasl.oauthbearer.jwks.endpoint.retry.backoff.ms = 100
	sasl.oauthbearer.jwks.endpoint.url = null
	sasl.oauthbearer.scope.claim.name = scope
	sasl.oauthbearer.sub.claim.name = sub
	sasl.oauthbearer.token.endpoint.url = null
	security.protocol = PLAINTEXT
	security.providers = null
	send.buffer.bytes = 131072
	session.timeout.ms = 45000
	socket.connection.setup.timeout.max.ms = 30000
	socket.connection.setup.timeout.ms = 10000
	ssl.cipher.suites = null
	ssl.enabled.protocols = [TLSv1.2, TLSv1.3]
	ssl.endpoint.identification.algorithm = https
	ssl.engine.factory.class = null
	ssl.key.password = null
	ssl.keymanager.algorithm = SunX509
	ssl.keystore.certificate.chain = null
	ssl.keystore.key = null
	ssl.keystore.location = null
	ssl.keystore.password = null
	ssl.keystore.type = JKS
	ssl.protocol = TLSv1.3
	ssl.provider = null
	ssl.secure.random.implementation = null
	ssl.trustmanager.algorithm = PKIX
	ssl.truststore.certificates = null
	ssl.truststore.location = null
	ssl.truststore.password = null
	ssl.truststore.type = JKS
	value.deserializer = class org.apache.kafka.common.serialization.StringDeserializer

2026-05-05T02:17:26.280+03:00  INFO 53855 --- [ms-spring-loader] [           main] o.a.k.c.t.i.KafkaMetricsCollector        : initializing Kafka metrics collector
2026-05-05T02:17:26.281+03:00  INFO 53855 --- [ms-spring-loader] [           main] o.a.k.clients.consumer.ConsumerConfig    : These configurations '[spring.json.trusted.packages]' were supplied but are not used yet.
2026-05-05T02:17:26.281+03:00  INFO 53855 --- [ms-spring-loader] [           main] o.a.kafka.common.utils.AppInfoParser     : Kafka version: 3.7.1
2026-05-05T02:17:26.282+03:00  INFO 53855 --- [ms-spring-loader] [           main] o.a.kafka.common.utils.AppInfoParser     : Kafka commitId: e2494e6ffb89f828
2026-05-05T02:17:26.282+03:00  INFO 53855 --- [ms-spring-loader] [           main] o.a.kafka.common.utils.AppInfoParser     : Kafka startTimeMs: 1777936646281
2026-05-05T02:17:26.282+03:00  INFO 53855 --- [ms-spring-loader] [           main] o.a.k.c.c.internals.LegacyKafkaConsumer  : [Consumer clientId=consumer-kafka-loader-listener-4, groupId=kafka-loader-listener] Subscribed to topic(s): topic-1, topic-2, topic-3, topic-4
2026-05-05T02:17:26.282+03:00  INFO 53855 --- [ms-spring-loader] [           main] o.a.k.clients.consumer.ConsumerConfig    : ConsumerConfig values: 
	allow.auto.create.topics = true
	auto.commit.interval.ms = 5000
	auto.include.jmx.reporter = true
	auto.offset.reset = earliest
	bootstrap.servers = [localhost:32787]
	check.crcs = true
	client.dns.lookup = use_all_dns_ips
	client.id = consumer-kafka-loader-listener-5
	client.rack = 
	connections.max.idle.ms = 540000
	default.api.timeout.ms = 60000
	enable.auto.commit = false
	enable.metrics.push = true
	exclude.internal.topics = true
	fetch.max.bytes = 52428800
	fetch.max.wait.ms = 500
	fetch.min.bytes = 1
	group.id = kafka-loader-listener
	group.instance.id = null
	group.protocol = classic
	group.remote.assignor = null
	heartbeat.interval.ms = 3000
	interceptor.classes = []
	internal.leave.group.on.close = true
	internal.throw.on.fetch.stable.offset.unsupported = false
	isolation.level = read_uncommitted
	key.deserializer = class org.apache.kafka.common.serialization.StringDeserializer
	max.partition.fetch.bytes = 1048576
	max.poll.interval.ms = 300000
	max.poll.records = 500
	metadata.max.age.ms = 300000
	metric.reporters = []
	metrics.num.samples = 2
	metrics.recording.level = INFO
	metrics.sample.window.ms = 30000
	partition.assignment.strategy = [class org.apache.kafka.clients.consumer.RangeAssignor, class org.apache.kafka.clients.consumer.CooperativeStickyAssignor]
	receive.buffer.bytes = 65536
	reconnect.backoff.max.ms = 1000
	reconnect.backoff.ms = 50
	request.timeout.ms = 30000
	retry.backoff.max.ms = 1000
	retry.backoff.ms = 100
	sasl.client.callback.handler.class = null
	sasl.jaas.config = null
	sasl.kerberos.kinit.cmd = /usr/bin/kinit
	sasl.kerberos.min.time.before.relogin = 60000
	sasl.kerberos.service.name = null
	sasl.kerberos.ticket.renew.jitter = 0.05
	sasl.kerberos.ticket.renew.window.factor = 0.8
	sasl.login.callback.handler.class = null
	sasl.login.class = null
	sasl.login.connect.timeout.ms = null
	sasl.login.read.timeout.ms = null
	sasl.login.refresh.buffer.seconds = 300
	sasl.login.refresh.min.period.seconds = 60
	sasl.login.refresh.window.factor = 0.8
	sasl.login.refresh.window.jitter = 0.05
	sasl.login.retry.backoff.max.ms = 10000
	sasl.login.retry.backoff.ms = 100
	sasl.mechanism = GSSAPI
	sasl.oauthbearer.clock.skew.seconds = 30
	sasl.oauthbearer.expected.audience = null
	sasl.oauthbearer.expected.issuer = null
	sasl.oauthbearer.jwks.endpoint.refresh.ms = 3600000
	sasl.oauthbearer.jwks.endpoint.retry.backoff.max.ms = 10000
	sasl.oauthbearer.jwks.endpoint.retry.backoff.ms = 100
	sasl.oauthbearer.jwks.endpoint.url = null
	sasl.oauthbearer.scope.claim.name = scope
	sasl.oauthbearer.sub.claim.name = sub
	sasl.oauthbearer.token.endpoint.url = null
	security.protocol = PLAINTEXT
	security.providers = null
	send.buffer.bytes = 131072
	session.timeout.ms = 45000
	socket.connection.setup.timeout.max.ms = 30000
	socket.connection.setup.timeout.ms = 10000
	ssl.cipher.suites = null
	ssl.enabled.protocols = [TLSv1.2, TLSv1.3]
	ssl.endpoint.identification.algorithm = https
	ssl.engine.factory.class = null
	ssl.key.password = null
	ssl.keymanager.algorithm = SunX509
	ssl.keystore.certificate.chain = null
	ssl.keystore.key = null
	ssl.keystore.location = null
	ssl.keystore.password = null
	ssl.keystore.type = JKS
	ssl.protocol = TLSv1.3
	ssl.provider = null
	ssl.secure.random.implementation = null
	ssl.trustmanager.algorithm = PKIX
	ssl.truststore.certificates = null
	ssl.truststore.location = null
	ssl.truststore.password = null
	ssl.truststore.type = JKS
	value.deserializer = class org.apache.kafka.common.serialization.StringDeserializer

2026-05-05T02:17:26.282+03:00  INFO 53855 --- [ms-spring-loader] [           main] o.a.k.c.t.i.KafkaMetricsCollector        : initializing Kafka metrics collector
2026-05-05T02:17:26.283+03:00  INFO 53855 --- [ms-spring-loader] [           main] o.a.k.clients.consumer.ConsumerConfig    : These configurations '[spring.json.trusted.packages]' were supplied but are not used yet.
2026-05-05T02:17:26.284+03:00  INFO 53855 --- [ms-spring-loader] [           main] o.a.kafka.common.utils.AppInfoParser     : Kafka version: 3.7.1
2026-05-05T02:17:26.284+03:00  INFO 53855 --- [ms-spring-loader] [           main] o.a.kafka.common.utils.AppInfoParser     : Kafka commitId: e2494e6ffb89f828
2026-05-05T02:17:26.284+03:00  INFO 53855 --- [ms-spring-loader] [           main] o.a.kafka.common.utils.AppInfoParser     : Kafka startTimeMs: 1777936646284
2026-05-05T02:17:26.284+03:00  INFO 53855 --- [ms-spring-loader] [           main] o.a.k.c.c.internals.LegacyKafkaConsumer  : [Consumer clientId=consumer-kafka-loader-listener-5, groupId=kafka-loader-listener] Subscribed to topic(s): topic-1, topic-2, topic-3, topic-4
2026-05-05T02:17:26.284+03:00  INFO 53855 --- [ms-spring-loader] [           main] o.a.k.clients.consumer.ConsumerConfig    : ConsumerConfig values: 
	allow.auto.create.topics = true
	auto.commit.interval.ms = 5000
	auto.include.jmx.reporter = true
	auto.offset.reset = earliest
	bootstrap.servers = [localhost:32787]
	check.crcs = true
	client.dns.lookup = use_all_dns_ips
	client.id = consumer-kafka-loader-listener-6
	client.rack = 
	connections.max.idle.ms = 540000
	default.api.timeout.ms = 60000
	enable.auto.commit = false
	enable.metrics.push = true
	exclude.internal.topics = true
	fetch.max.bytes = 52428800
	fetch.max.wait.ms = 500
	fetch.min.bytes = 1
	group.id = kafka-loader-listener
	group.instance.id = null
	group.protocol = classic
	group.remote.assignor = null
	heartbeat.interval.ms = 3000
	interceptor.classes = []
	internal.leave.group.on.close = true
	internal.throw.on.fetch.stable.offset.unsupported = false
	isolation.level = read_uncommitted
	key.deserializer = class org.apache.kafka.common.serialization.StringDeserializer
	max.partition.fetch.bytes = 1048576
	max.poll.interval.ms = 300000
	max.poll.records = 500
	metadata.max.age.ms = 300000
	metric.reporters = []
	metrics.num.samples = 2
	metrics.recording.level = INFO
	metrics.sample.window.ms = 30000
	partition.assignment.strategy = [class org.apache.kafka.clients.consumer.RangeAssignor, class org.apache.kafka.clients.consumer.CooperativeStickyAssignor]
	receive.buffer.bytes = 65536
	reconnect.backoff.max.ms = 1000
	reconnect.backoff.ms = 50
	request.timeout.ms = 30000
	retry.backoff.max.ms = 1000
	retry.backoff.ms = 100
	sasl.client.callback.handler.class = null
	sasl.jaas.config = null
	sasl.kerberos.kinit.cmd = /usr/bin/kinit
	sasl.kerberos.min.time.before.relogin = 60000
	sasl.kerberos.service.name = null
	sasl.kerberos.ticket.renew.jitter = 0.05
	sasl.kerberos.ticket.renew.window.factor = 0.8
	sasl.login.callback.handler.class = null
	sasl.login.class = null
	sasl.login.connect.timeout.ms = null
	sasl.login.read.timeout.ms = null
	sasl.login.refresh.buffer.seconds = 300
	sasl.login.refresh.min.period.seconds = 60
	sasl.login.refresh.window.factor = 0.8
	sasl.login.refresh.window.jitter = 0.05
	sasl.login.retry.backoff.max.ms = 10000
	sasl.login.retry.backoff.ms = 100
	sasl.mechanism = GSSAPI
	sasl.oauthbearer.clock.skew.seconds = 30
	sasl.oauthbearer.expected.audience = null
	sasl.oauthbearer.expected.issuer = null
	sasl.oauthbearer.jwks.endpoint.refresh.ms = 3600000
	sasl.oauthbearer.jwks.endpoint.retry.backoff.max.ms = 10000
	sasl.oauthbearer.jwks.endpoint.retry.backoff.ms = 100
	sasl.oauthbearer.jwks.endpoint.url = null
	sasl.oauthbearer.scope.claim.name = scope
	sasl.oauthbearer.sub.claim.name = sub
	sasl.oauthbearer.token.endpoint.url = null
	security.protocol = PLAINTEXT
	security.providers = null
	send.buffer.bytes = 131072
	session.timeout.ms = 45000
	socket.connection.setup.timeout.max.ms = 30000
	socket.connection.setup.timeout.ms = 10000
	ssl.cipher.suites = null
	ssl.enabled.protocols = [TLSv1.2, TLSv1.3]
	ssl.endpoint.identification.algorithm = https
	ssl.engine.factory.class = null
	ssl.key.password = null
	ssl.keymanager.algorithm = SunX509
	ssl.keystore.certificate.chain = null
	ssl.keystore.key = null
	ssl.keystore.location = null
	ssl.keystore.password = null
	ssl.keystore.type = JKS
	ssl.protocol = TLSv1.3
	ssl.provider = null
	ssl.secure.random.implementation = null
	ssl.trustmanager.algorithm = PKIX
	ssl.truststore.certificates = null
	ssl.truststore.location = null
	ssl.truststore.password = null
	ssl.truststore.type = JKS
	value.deserializer = class org.apache.kafka.common.serialization.StringDeserializer

2026-05-05T02:17:26.284+03:00  INFO 53855 --- [ms-spring-loader] [           main] o.a.k.c.t.i.KafkaMetricsCollector        : initializing Kafka metrics collector
2026-05-05T02:17:26.285+03:00  INFO 53855 --- [ms-spring-loader] [           main] o.a.k.clients.consumer.ConsumerConfig    : These configurations '[spring.json.trusted.packages]' were supplied but are not used yet.
2026-05-05T02:17:26.286+03:00  INFO 53855 --- [ms-spring-loader] [           main] o.a.kafka.common.utils.AppInfoParser     : Kafka version: 3.7.1
2026-05-05T02:17:26.286+03:00  INFO 53855 --- [ms-spring-loader] [           main] o.a.kafka.common.utils.AppInfoParser     : Kafka commitId: e2494e6ffb89f828
2026-05-05T02:17:26.286+03:00  INFO 53855 --- [ms-spring-loader] [           main] o.a.kafka.common.utils.AppInfoParser     : Kafka startTimeMs: 1777936646286
2026-05-05T02:17:26.286+03:00  INFO 53855 --- [ms-spring-loader] [           main] o.a.k.c.c.internals.LegacyKafkaConsumer  : [Consumer clientId=consumer-kafka-loader-listener-6, groupId=kafka-loader-listener] Subscribed to topic(s): topic-1, topic-2, topic-3, topic-4
2026-05-05T02:17:26.286+03:00  INFO 53855 --- [ms-spring-loader] [           main] o.a.k.clients.consumer.ConsumerConfig    : ConsumerConfig values: 
	allow.auto.create.topics = true
	auto.commit.interval.ms = 5000
	auto.include.jmx.reporter = true
	auto.offset.reset = earliest
	bootstrap.servers = [localhost:32787]
	check.crcs = true
	client.dns.lookup = use_all_dns_ips
	client.id = consumer-kafka-loader-listener-7
	client.rack = 
	connections.max.idle.ms = 540000
	default.api.timeout.ms = 60000
	enable.auto.commit = false
	enable.metrics.push = true
	exclude.internal.topics = true
	fetch.max.bytes = 52428800
	fetch.max.wait.ms = 500
	fetch.min.bytes = 1
	group.id = kafka-loader-listener
	group.instance.id = null
	group.protocol = classic
	group.remote.assignor = null
	heartbeat.interval.ms = 3000
	interceptor.classes = []
	internal.leave.group.on.close = true
	internal.throw.on.fetch.stable.offset.unsupported = false
	isolation.level = read_uncommitted
	key.deserializer = class org.apache.kafka.common.serialization.StringDeserializer
	max.partition.fetch.bytes = 1048576
	max.poll.interval.ms = 300000
	max.poll.records = 500
	metadata.max.age.ms = 300000
	metric.reporters = []
	metrics.num.samples = 2
	metrics.recording.level = INFO
	metrics.sample.window.ms = 30000
	partition.assignment.strategy = [class org.apache.kafka.clients.consumer.RangeAssignor, class org.apache.kafka.clients.consumer.CooperativeStickyAssignor]
	receive.buffer.bytes = 65536
	reconnect.backoff.max.ms = 1000
	reconnect.backoff.ms = 50
	request.timeout.ms = 30000
	retry.backoff.max.ms = 1000
	retry.backoff.ms = 100
	sasl.client.callback.handler.class = null
	sasl.jaas.config = null
	sasl.kerberos.kinit.cmd = /usr/bin/kinit
	sasl.kerberos.min.time.before.relogin = 60000
	sasl.kerberos.service.name = null
	sasl.kerberos.ticket.renew.jitter = 0.05
	sasl.kerberos.ticket.renew.window.factor = 0.8
	sasl.login.callback.handler.class = null
	sasl.login.class = null
	sasl.login.connect.timeout.ms = null
	sasl.login.read.timeout.ms = null
	sasl.login.refresh.buffer.seconds = 300
	sasl.login.refresh.min.period.seconds = 60
	sasl.login.refresh.window.factor = 0.8
	sasl.login.refresh.window.jitter = 0.05
	sasl.login.retry.backoff.max.ms = 10000
	sasl.login.retry.backoff.ms = 100
	sasl.mechanism = GSSAPI
	sasl.oauthbearer.clock.skew.seconds = 30
	sasl.oauthbearer.expected.audience = null
	sasl.oauthbearer.expected.issuer = null
	sasl.oauthbearer.jwks.endpoint.refresh.ms = 3600000
	sasl.oauthbearer.jwks.endpoint.retry.backoff.max.ms = 10000
	sasl.oauthbearer.jwks.endpoint.retry.backoff.ms = 100
	sasl.oauthbearer.jwks.endpoint.url = null
	sasl.oauthbearer.scope.claim.name = scope
	sasl.oauthbearer.sub.claim.name = sub
	sasl.oauthbearer.token.endpoint.url = null
	security.protocol = PLAINTEXT
	security.providers = null
	send.buffer.bytes = 131072
	session.timeout.ms = 45000
	socket.connection.setup.timeout.max.ms = 30000
	socket.connection.setup.timeout.ms = 10000
	ssl.cipher.suites = null
	ssl.enabled.protocols = [TLSv1.2, TLSv1.3]
	ssl.endpoint.identification.algorithm = https
	ssl.engine.factory.class = null
	ssl.key.password = null
	ssl.keymanager.algorithm = SunX509
	ssl.keystore.certificate.chain = null
	ssl.keystore.key = null
	ssl.keystore.location = null
	ssl.keystore.password = null
	ssl.keystore.type = JKS
	ssl.protocol = TLSv1.3
	ssl.provider = null
	ssl.secure.random.implementation = null
	ssl.trustmanager.algorithm = PKIX
	ssl.truststore.certificates = null
	ssl.truststore.location = null
	ssl.truststore.password = null
	ssl.truststore.type = JKS
	value.deserializer = class org.apache.kafka.common.serialization.StringDeserializer

2026-05-05T02:17:26.286+03:00  INFO 53855 --- [ms-spring-loader] [           main] o.a.k.c.t.i.KafkaMetricsCollector        : initializing Kafka metrics collector
2026-05-05T02:17:26.287+03:00  INFO 53855 --- [ms-spring-loader] [           main] o.a.k.clients.consumer.ConsumerConfig    : These configurations '[spring.json.trusted.packages]' were supplied but are not used yet.
2026-05-05T02:17:26.287+03:00  INFO 53855 --- [ms-spring-loader] [           main] o.a.kafka.common.utils.AppInfoParser     : Kafka version: 3.7.1
2026-05-05T02:17:26.287+03:00  INFO 53855 --- [ms-spring-loader] [           main] o.a.kafka.common.utils.AppInfoParser     : Kafka commitId: e2494e6ffb89f828
2026-05-05T02:17:26.287+03:00  INFO 53855 --- [ms-spring-loader] [           main] o.a.kafka.common.utils.AppInfoParser     : Kafka startTimeMs: 1777936646287
2026-05-05T02:17:26.287+03:00  INFO 53855 --- [ms-spring-loader] [           main] o.a.k.c.c.internals.LegacyKafkaConsumer  : [Consumer clientId=consumer-kafka-loader-listener-7, groupId=kafka-loader-listener] Subscribed to topic(s): topic-1, topic-2, topic-3, topic-4
2026-05-05T02:17:26.288+03:00  INFO 53855 --- [ms-spring-loader] [           main] o.a.k.clients.consumer.ConsumerConfig    : ConsumerConfig values: 
	allow.auto.create.topics = true
	auto.commit.interval.ms = 5000
	auto.include.jmx.reporter = true
	auto.offset.reset = earliest
	bootstrap.servers = [localhost:32787]
	check.crcs = true
	client.dns.lookup = use_all_dns_ips
	client.id = consumer-kafka-loader-listener-8
	client.rack = 
	connections.max.idle.ms = 540000
	default.api.timeout.ms = 60000
	enable.auto.commit = false
	enable.metrics.push = true
	exclude.internal.topics = true
	fetch.max.bytes = 52428800
	fetch.max.wait.ms = 500
	fetch.min.bytes = 1
	group.id = kafka-loader-listener
	group.instance.id = null
	group.protocol = classic
	group.remote.assignor = null
	heartbeat.interval.ms = 3000
	interceptor.classes = []
	internal.leave.group.on.close = true
	internal.throw.on.fetch.stable.offset.unsupported = false
	isolation.level = read_uncommitted
	key.deserializer = class org.apache.kafka.common.serialization.StringDeserializer
	max.partition.fetch.bytes = 1048576
	max.poll.interval.ms = 300000
	max.poll.records = 500
	metadata.max.age.ms = 300000
	metric.reporters = []
	metrics.num.samples = 2
	metrics.recording.level = INFO
	metrics.sample.window.ms = 30000
	partition.assignment.strategy = [class org.apache.kafka.clients.consumer.RangeAssignor, class org.apache.kafka.clients.consumer.CooperativeStickyAssignor]
	receive.buffer.bytes = 65536
	reconnect.backoff.max.ms = 1000
	reconnect.backoff.ms = 50
	request.timeout.ms = 30000
	retry.backoff.max.ms = 1000
	retry.backoff.ms = 100
	sasl.client.callback.handler.class = null
	sasl.jaas.config = null
	sasl.kerberos.kinit.cmd = /usr/bin/kinit
	sasl.kerberos.min.time.before.relogin = 60000
	sasl.kerberos.service.name = null
	sasl.kerberos.ticket.renew.jitter = 0.05
	sasl.kerberos.ticket.renew.window.factor = 0.8
	sasl.login.callback.handler.class = null
	sasl.login.class = null
	sasl.login.connect.timeout.ms = null
	sasl.login.read.timeout.ms = null
	sasl.login.refresh.buffer.seconds = 300
	sasl.login.refresh.min.period.seconds = 60
	sasl.login.refresh.window.factor = 0.8
	sasl.login.refresh.window.jitter = 0.05
	sasl.login.retry.backoff.max.ms = 10000
	sasl.login.retry.backoff.ms = 100
	sasl.mechanism = GSSAPI
	sasl.oauthbearer.clock.skew.seconds = 30
	sasl.oauthbearer.expected.audience = null
	sasl.oauthbearer.expected.issuer = null
	sasl.oauthbearer.jwks.endpoint.refresh.ms = 3600000
	sasl.oauthbearer.jwks.endpoint.retry.backoff.max.ms = 10000
	sasl.oauthbearer.jwks.endpoint.retry.backoff.ms = 100
	sasl.oauthbearer.jwks.endpoint.url = null
	sasl.oauthbearer.scope.claim.name = scope
	sasl.oauthbearer.sub.claim.name = sub
	sasl.oauthbearer.token.endpoint.url = null
	security.protocol = PLAINTEXT
	security.providers = null
	send.buffer.bytes = 131072
	session.timeout.ms = 45000
	socket.connection.setup.timeout.max.ms = 30000
	socket.connection.setup.timeout.ms = 10000
	ssl.cipher.suites = null
	ssl.enabled.protocols = [TLSv1.2, TLSv1.3]
	ssl.endpoint.identification.algorithm = https
	ssl.engine.factory.class = null
	ssl.key.password = null
	ssl.keymanager.algorithm = SunX509
	ssl.keystore.certificate.chain = null
	ssl.keystore.key = null
	ssl.keystore.location = null
	ssl.keystore.password = null
	ssl.keystore.type = JKS
	ssl.protocol = TLSv1.3
	ssl.provider = null
	ssl.secure.random.implementation = null
	ssl.trustmanager.algorithm = PKIX
	ssl.truststore.certificates = null
	ssl.truststore.location = null
	ssl.truststore.password = null
	ssl.truststore.type = JKS
	value.deserializer = class org.apache.kafka.common.serialization.StringDeserializer

2026-05-05T02:17:26.288+03:00  INFO 53855 --- [ms-spring-loader] [           main] o.a.k.c.t.i.KafkaMetricsCollector        : initializing Kafka metrics collector
2026-05-05T02:17:26.289+03:00  INFO 53855 --- [ms-spring-loader] [           main] o.a.k.clients.consumer.ConsumerConfig    : These configurations '[spring.json.trusted.packages]' were supplied but are not used yet.
2026-05-05T02:17:26.289+03:00  INFO 53855 --- [ms-spring-loader] [           main] o.a.kafka.common.utils.AppInfoParser     : Kafka version: 3.7.1
2026-05-05T02:17:26.289+03:00  INFO 53855 --- [ms-spring-loader] [           main] o.a.kafka.common.utils.AppInfoParser     : Kafka commitId: e2494e6ffb89f828
2026-05-05T02:17:26.289+03:00  INFO 53855 --- [ms-spring-loader] [           main] o.a.kafka.common.utils.AppInfoParser     : Kafka startTimeMs: 1777936646289
2026-05-05T02:17:26.289+03:00  INFO 53855 --- [ms-spring-loader] [           main] o.a.k.c.c.internals.LegacyKafkaConsumer  : [Consumer clientId=consumer-kafka-loader-listener-8, groupId=kafka-loader-listener] Subscribed to topic(s): topic-1, topic-2, topic-3, topic-4
2026-05-05T02:17:26.290+03:00  INFO 53855 --- [ms-spring-loader] [           main] o.a.k.clients.consumer.ConsumerConfig    : ConsumerConfig values: 
	allow.auto.create.topics = true
	auto.commit.interval.ms = 5000
	auto.include.jmx.reporter = true
	auto.offset.reset = earliest
	bootstrap.servers = [localhost:32787]
	check.crcs = true
	client.dns.lookup = use_all_dns_ips
	client.id = consumer-kafka-loader-listener-9
	client.rack = 
	connections.max.idle.ms = 540000
	default.api.timeout.ms = 60000
	enable.auto.commit = false
	enable.metrics.push = true
	exclude.internal.topics = true
	fetch.max.bytes = 52428800
	fetch.max.wait.ms = 500
	fetch.min.bytes = 1
	group.id = kafka-loader-listener
	group.instance.id = null
	group.protocol = classic
	group.remote.assignor = null
	heartbeat.interval.ms = 3000
	interceptor.classes = []
	internal.leave.group.on.close = true
	internal.throw.on.fetch.stable.offset.unsupported = false
	isolation.level = read_uncommitted
	key.deserializer = class org.apache.kafka.common.serialization.StringDeserializer
	max.partition.fetch.bytes = 1048576
	max.poll.interval.ms = 300000
	max.poll.records = 500
	metadata.max.age.ms = 300000
	metric.reporters = []
	metrics.num.samples = 2
	metrics.recording.level = INFO
	metrics.sample.window.ms = 30000
	partition.assignment.strategy = [class org.apache.kafka.clients.consumer.RangeAssignor, class org.apache.kafka.clients.consumer.CooperativeStickyAssignor]
	receive.buffer.bytes = 65536
	reconnect.backoff.max.ms = 1000
	reconnect.backoff.ms = 50
	request.timeout.ms = 30000
	retry.backoff.max.ms = 1000
	retry.backoff.ms = 100
	sasl.client.callback.handler.class = null
	sasl.jaas.config = null
	sasl.kerberos.kinit.cmd = /usr/bin/kinit
	sasl.kerberos.min.time.before.relogin = 60000
	sasl.kerberos.service.name = null
	sasl.kerberos.ticket.renew.jitter = 0.05
	sasl.kerberos.ticket.renew.window.factor = 0.8
	sasl.login.callback.handler.class = null
	sasl.login.class = null
	sasl.login.connect.timeout.ms = null
	sasl.login.read.timeout.ms = null
	sasl.login.refresh.buffer.seconds = 300
	sasl.login.refresh.min.period.seconds = 60
	sasl.login.refresh.window.factor = 0.8
	sasl.login.refresh.window.jitter = 0.05
	sasl.login.retry.backoff.max.ms = 10000
	sasl.login.retry.backoff.ms = 100
	sasl.mechanism = GSSAPI
	sasl.oauthbearer.clock.skew.seconds = 30
	sasl.oauthbearer.expected.audience = null
	sasl.oauthbearer.expected.issuer = null
	sasl.oauthbearer.jwks.endpoint.refresh.ms = 3600000
	sasl.oauthbearer.jwks.endpoint.retry.backoff.max.ms = 10000
	sasl.oauthbearer.jwks.endpoint.retry.backoff.ms = 100
	sasl.oauthbearer.jwks.endpoint.url = null
	sasl.oauthbearer.scope.claim.name = scope
	sasl.oauthbearer.sub.claim.name = sub
	sasl.oauthbearer.token.endpoint.url = null
	security.protocol = PLAINTEXT
	security.providers = null
	send.buffer.bytes = 131072
	session.timeout.ms = 45000
	socket.connection.setup.timeout.max.ms = 30000
	socket.connection.setup.timeout.ms = 10000
	ssl.cipher.suites = null
	ssl.enabled.protocols = [TLSv1.2, TLSv1.3]
	ssl.endpoint.identification.algorithm = https
	ssl.engine.factory.class = null
	ssl.key.password = null
	ssl.keymanager.algorithm = SunX509
	ssl.keystore.certificate.chain = null
	ssl.keystore.key = null
	ssl.keystore.location = null
	ssl.keystore.password = null
	ssl.keystore.type = JKS
	ssl.protocol = TLSv1.3
	ssl.provider = null
	ssl.secure.random.implementation = null
	ssl.trustmanager.algorithm = PKIX
	ssl.truststore.certificates = null
	ssl.truststore.location = null
	ssl.truststore.password = null
	ssl.truststore.type = JKS
	value.deserializer = class org.apache.kafka.common.serialization.StringDeserializer

2026-05-05T02:17:26.290+03:00  INFO 53855 --- [ms-spring-loader] [           main] o.a.k.c.t.i.KafkaMetricsCollector        : initializing Kafka metrics collector
2026-05-05T02:17:26.291+03:00  INFO 53855 --- [ms-spring-loader] [           main] o.a.k.clients.consumer.ConsumerConfig    : These configurations '[spring.json.trusted.packages]' were supplied but are not used yet.
2026-05-05T02:17:26.291+03:00  INFO 53855 --- [ms-spring-loader] [           main] o.a.kafka.common.utils.AppInfoParser     : Kafka version: 3.7.1
2026-05-05T02:17:26.291+03:00  INFO 53855 --- [ms-spring-loader] [           main] o.a.kafka.common.utils.AppInfoParser     : Kafka commitId: e2494e6ffb89f828
2026-05-05T02:17:26.291+03:00  INFO 53855 --- [ms-spring-loader] [           main] o.a.kafka.common.utils.AppInfoParser     : Kafka startTimeMs: 1777936646291
2026-05-05T02:17:26.291+03:00  INFO 53855 --- [ms-spring-loader] [           main] o.a.k.c.c.internals.LegacyKafkaConsumer  : [Consumer clientId=consumer-kafka-loader-listener-9, groupId=kafka-loader-listener] Subscribed to topic(s): topic-1, topic-2, topic-3, topic-4
2026-05-05T02:17:26.291+03:00  INFO 53855 --- [ms-spring-loader] [           main] o.a.k.clients.consumer.ConsumerConfig    : ConsumerConfig values: 
	allow.auto.create.topics = true
	auto.commit.interval.ms = 5000
	auto.include.jmx.reporter = true
	auto.offset.reset = earliest
	bootstrap.servers = [localhost:32787]
	check.crcs = true
	client.dns.lookup = use_all_dns_ips
	client.id = consumer-kafka-loader-listener-10
	client.rack = 
	connections.max.idle.ms = 540000
	default.api.timeout.ms = 60000
	enable.auto.commit = false
	enable.metrics.push = true
	exclude.internal.topics = true
	fetch.max.bytes = 52428800
	fetch.max.wait.ms = 500
	fetch.min.bytes = 1
	group.id = kafka-loader-listener
	group.instance.id = null
	group.protocol = classic
	group.remote.assignor = null
	heartbeat.interval.ms = 3000
	interceptor.classes = []
	internal.leave.group.on.close = true
	internal.throw.on.fetch.stable.offset.unsupported = false
	isolation.level = read_uncommitted
	key.deserializer = class org.apache.kafka.common.serialization.StringDeserializer
	max.partition.fetch.bytes = 1048576
	max.poll.interval.ms = 300000
	max.poll.records = 500
	metadata.max.age.ms = 300000
	metric.reporters = []
	metrics.num.samples = 2
	metrics.recording.level = INFO
	metrics.sample.window.ms = 30000
	partition.assignment.strategy = [class org.apache.kafka.clients.consumer.RangeAssignor, class org.apache.kafka.clients.consumer.CooperativeStickyAssignor]
	receive.buffer.bytes = 65536
	reconnect.backoff.max.ms = 1000
	reconnect.backoff.ms = 50
	request.timeout.ms = 30000
	retry.backoff.max.ms = 1000
	retry.backoff.ms = 100
	sasl.client.callback.handler.class = null
	sasl.jaas.config = null
	sasl.kerberos.kinit.cmd = /usr/bin/kinit
	sasl.kerberos.min.time.before.relogin = 60000
	sasl.kerberos.service.name = null
	sasl.kerberos.ticket.renew.jitter = 0.05
	sasl.kerberos.ticket.renew.window.factor = 0.8
	sasl.login.callback.handler.class = null
	sasl.login.class = null
	sasl.login.connect.timeout.ms = null
	sasl.login.read.timeout.ms = null
	sasl.login.refresh.buffer.seconds = 300
	sasl.login.refresh.min.period.seconds = 60
	sasl.login.refresh.window.factor = 0.8
	sasl.login.refresh.window.jitter = 0.05
	sasl.login.retry.backoff.max.ms = 10000
	sasl.login.retry.backoff.ms = 100
	sasl.mechanism = GSSAPI
	sasl.oauthbearer.clock.skew.seconds = 30
	sasl.oauthbearer.expected.audience = null
	sasl.oauthbearer.expected.issuer = null
	sasl.oauthbearer.jwks.endpoint.refresh.ms = 3600000
	sasl.oauthbearer.jwks.endpoint.retry.backoff.max.ms = 10000
	sasl.oauthbearer.jwks.endpoint.retry.backoff.ms = 100
	sasl.oauthbearer.jwks.endpoint.url = null
	sasl.oauthbearer.scope.claim.name = scope
	sasl.oauthbearer.sub.claim.name = sub
	sasl.oauthbearer.token.endpoint.url = null
	security.protocol = PLAINTEXT
	security.providers = null
	send.buffer.bytes = 131072
	session.timeout.ms = 45000
	socket.connection.setup.timeout.max.ms = 30000
	socket.connection.setup.timeout.ms = 10000
	ssl.cipher.suites = null
	ssl.enabled.protocols = [TLSv1.2, TLSv1.3]
	ssl.endpoint.identification.algorithm = https
	ssl.engine.factory.class = null
	ssl.key.password = null
	ssl.keymanager.algorithm = SunX509
	ssl.keystore.certificate.chain = null
	ssl.keystore.key = null
	ssl.keystore.location = null
	ssl.keystore.password = null
	ssl.keystore.type = JKS
	ssl.protocol = TLSv1.3
	ssl.provider = null
	ssl.secure.random.implementation = null
	ssl.trustmanager.algorithm = PKIX
	ssl.truststore.certificates = null
	ssl.truststore.location = null
	ssl.truststore.password = null
	ssl.truststore.type = JKS
	value.deserializer = class org.apache.kafka.common.serialization.StringDeserializer

2026-05-05T02:17:26.291+03:00  INFO 53855 --- [ms-spring-loader] [           main] o.a.k.c.t.i.KafkaMetricsCollector        : initializing Kafka metrics collector
2026-05-05T02:17:26.294+03:00  INFO 53855 --- [ms-spring-loader] [           main] o.a.k.clients.consumer.ConsumerConfig    : These configurations '[spring.json.trusted.packages]' were supplied but are not used yet.
2026-05-05T02:17:26.294+03:00  INFO 53855 --- [ms-spring-loader] [           main] o.a.kafka.common.utils.AppInfoParser     : Kafka version: 3.7.1
2026-05-05T02:17:26.294+03:00  INFO 53855 --- [ms-spring-loader] [           main] o.a.kafka.common.utils.AppInfoParser     : Kafka commitId: e2494e6ffb89f828
2026-05-05T02:17:26.294+03:00  INFO 53855 --- [ms-spring-loader] [           main] o.a.kafka.common.utils.AppInfoParser     : Kafka startTimeMs: 1777936646294
2026-05-05T02:17:26.294+03:00  INFO 53855 --- [ms-spring-loader] [           main] o.a.k.c.c.internals.LegacyKafkaConsumer  : [Consumer clientId=consumer-kafka-loader-listener-10, groupId=kafka-loader-listener] Subscribed to topic(s): topic-1, topic-2, topic-3, topic-4
2026-05-05T02:17:26.295+03:00  INFO 53855 --- [ms-spring-loader] [           main] o.a.k.clients.consumer.ConsumerConfig    : ConsumerConfig values: 
	allow.auto.create.topics = true
	auto.commit.interval.ms = 5000
	auto.include.jmx.reporter = true
	auto.offset.reset = earliest
	bootstrap.servers = [localhost:32787]
	check.crcs = true
	client.dns.lookup = use_all_dns_ips
	client.id = consumer-kafka-loader-listener-11
	client.rack = 
	connections.max.idle.ms = 540000
	default.api.timeout.ms = 60000
	enable.auto.commit = false
	enable.metrics.push = true
	exclude.internal.topics = true
	fetch.max.bytes = 52428800
	fetch.max.wait.ms = 500
	fetch.min.bytes = 1
	group.id = kafka-loader-listener
	group.instance.id = null
	group.protocol = classic
	group.remote.assignor = null
	heartbeat.interval.ms = 3000
	interceptor.classes = []
	internal.leave.group.on.close = true
	internal.throw.on.fetch.stable.offset.unsupported = false
	isolation.level = read_uncommitted
	key.deserializer = class org.apache.kafka.common.serialization.StringDeserializer
	max.partition.fetch.bytes = 1048576
	max.poll.interval.ms = 300000
	max.poll.records = 500
	metadata.max.age.ms = 300000
	metric.reporters = []
	metrics.num.samples = 2
	metrics.recording.level = INFO
	metrics.sample.window.ms = 30000
	partition.assignment.strategy = [class org.apache.kafka.clients.consumer.RangeAssignor, class org.apache.kafka.clients.consumer.CooperativeStickyAssignor]
	receive.buffer.bytes = 65536
	reconnect.backoff.max.ms = 1000
	reconnect.backoff.ms = 50
	request.timeout.ms = 30000
	retry.backoff.max.ms = 1000
	retry.backoff.ms = 100
	sasl.client.callback.handler.class = null
	sasl.jaas.config = null
	sasl.kerberos.kinit.cmd = /usr/bin/kinit
	sasl.kerberos.min.time.before.relogin = 60000
	sasl.kerberos.service.name = null
	sasl.kerberos.ticket.renew.jitter = 0.05
	sasl.kerberos.ticket.renew.window.factor = 0.8
	sasl.login.callback.handler.class = null
	sasl.login.class = null
	sasl.login.connect.timeout.ms = null
	sasl.login.read.timeout.ms = null
	sasl.login.refresh.buffer.seconds = 300
	sasl.login.refresh.min.period.seconds = 60
	sasl.login.refresh.window.factor = 0.8
	sasl.login.refresh.window.jitter = 0.05
	sasl.login.retry.backoff.max.ms = 10000
	sasl.login.retry.backoff.ms = 100
	sasl.mechanism = GSSAPI
	sasl.oauthbearer.clock.skew.seconds = 30
	sasl.oauthbearer.expected.audience = null
	sasl.oauthbearer.expected.issuer = null
	sasl.oauthbearer.jwks.endpoint.refresh.ms = 3600000
	sasl.oauthbearer.jwks.endpoint.retry.backoff.max.ms = 10000
	sasl.oauthbearer.jwks.endpoint.retry.backoff.ms = 100
	sasl.oauthbearer.jwks.endpoint.url = null
	sasl.oauthbearer.scope.claim.name = scope
	sasl.oauthbearer.sub.claim.name = sub
	sasl.oauthbearer.token.endpoint.url = null
	security.protocol = PLAINTEXT
	security.providers = null
	send.buffer.bytes = 131072
	session.timeout.ms = 45000
	socket.connection.setup.timeout.max.ms = 30000
	socket.connection.setup.timeout.ms = 10000
	ssl.cipher.suites = null
	ssl.enabled.protocols = [TLSv1.2, TLSv1.3]
	ssl.endpoint.identification.algorithm = https
	ssl.engine.factory.class = null
	ssl.key.password = null
	ssl.keymanager.algorithm = SunX509
	ssl.keystore.certificate.chain = null
	ssl.keystore.key = null
	ssl.keystore.location = null
	ssl.keystore.password = null
	ssl.keystore.type = JKS
	ssl.protocol = TLSv1.3
	ssl.provider = null
	ssl.secure.random.implementation = null
	ssl.trustmanager.algorithm = PKIX
	ssl.truststore.certificates = null
	ssl.truststore.location = null
	ssl.truststore.password = null
	ssl.truststore.type = JKS
	value.deserializer = class org.apache.kafka.common.serialization.StringDeserializer

2026-05-05T02:17:26.295+03:00  INFO 53855 --- [ms-spring-loader] [           main] o.a.k.c.t.i.KafkaMetricsCollector        : initializing Kafka metrics collector
2026-05-05T02:17:26.296+03:00  INFO 53855 --- [ms-spring-loader] [           main] o.a.k.clients.consumer.ConsumerConfig    : These configurations '[spring.json.trusted.packages]' were supplied but are not used yet.
2026-05-05T02:17:26.296+03:00  INFO 53855 --- [ms-spring-loader] [           main] o.a.kafka.common.utils.AppInfoParser     : Kafka version: 3.7.1
2026-05-05T02:17:26.296+03:00  INFO 53855 --- [ms-spring-loader] [           main] o.a.kafka.common.utils.AppInfoParser     : Kafka commitId: e2494e6ffb89f828
2026-05-05T02:17:26.296+03:00  INFO 53855 --- [ms-spring-loader] [           main] o.a.kafka.common.utils.AppInfoParser     : Kafka startTimeMs: 1777936646296
2026-05-05T02:17:26.296+03:00  INFO 53855 --- [ms-spring-loader] [           main] o.a.k.c.c.internals.LegacyKafkaConsumer  : [Consumer clientId=consumer-kafka-loader-listener-11, groupId=kafka-loader-listener] Subscribed to topic(s): topic-1, topic-2, topic-3, topic-4
2026-05-05T02:17:26.297+03:00  INFO 53855 --- [ms-spring-loader] [           main] o.a.k.clients.consumer.ConsumerConfig    : ConsumerConfig values: 
	allow.auto.create.topics = true
	auto.commit.interval.ms = 5000
	auto.include.jmx.reporter = true
	auto.offset.reset = earliest
	bootstrap.servers = [localhost:32787]
	check.crcs = true
	client.dns.lookup = use_all_dns_ips
	client.id = consumer-kafka-loader-listener-12
	client.rack = 
	connections.max.idle.ms = 540000
	default.api.timeout.ms = 60000
	enable.auto.commit = false
	enable.metrics.push = true
	exclude.internal.topics = true
	fetch.max.bytes = 52428800
	fetch.max.wait.ms = 500
	fetch.min.bytes = 1
	group.id = kafka-loader-listener
	group.instance.id = null
	group.protocol = classic
	group.remote.assignor = null
	heartbeat.interval.ms = 3000
	interceptor.classes = []
	internal.leave.group.on.close = true
	internal.throw.on.fetch.stable.offset.unsupported = false
	isolation.level = read_uncommitted
	key.deserializer = class org.apache.kafka.common.serialization.StringDeserializer
	max.partition.fetch.bytes = 1048576
	max.poll.interval.ms = 300000
	max.poll.records = 500
	metadata.max.age.ms = 300000
	metric.reporters = []
	metrics.num.samples = 2
	metrics.recording.level = INFO
	metrics.sample.window.ms = 30000
	partition.assignment.strategy = [class org.apache.kafka.clients.consumer.RangeAssignor, class org.apache.kafka.clients.consumer.CooperativeStickyAssignor]
	receive.buffer.bytes = 65536
	reconnect.backoff.max.ms = 1000
	reconnect.backoff.ms = 50
	request.timeout.ms = 30000
	retry.backoff.max.ms = 1000
	retry.backoff.ms = 100
	sasl.client.callback.handler.class = null
	sasl.jaas.config = null
	sasl.kerberos.kinit.cmd = /usr/bin/kinit
	sasl.kerberos.min.time.before.relogin = 60000
	sasl.kerberos.service.name = null
	sasl.kerberos.ticket.renew.jitter = 0.05
	sasl.kerberos.ticket.renew.window.factor = 0.8
	sasl.login.callback.handler.class = null
	sasl.login.class = null
	sasl.login.connect.timeout.ms = null
	sasl.login.read.timeout.ms = null
	sasl.login.refresh.buffer.seconds = 300
	sasl.login.refresh.min.period.seconds = 60
	sasl.login.refresh.window.factor = 0.8
	sasl.login.refresh.window.jitter = 0.05
	sasl.login.retry.backoff.max.ms = 10000
	sasl.login.retry.backoff.ms = 100
	sasl.mechanism = GSSAPI
	sasl.oauthbearer.clock.skew.seconds = 30
	sasl.oauthbearer.expected.audience = null
	sasl.oauthbearer.expected.issuer = null
	sasl.oauthbearer.jwks.endpoint.refresh.ms = 3600000
	sasl.oauthbearer.jwks.endpoint.retry.backoff.max.ms = 10000
	sasl.oauthbearer.jwks.endpoint.retry.backoff.ms = 100
	sasl.oauthbearer.jwks.endpoint.url = null
	sasl.oauthbearer.scope.claim.name = scope
	sasl.oauthbearer.sub.claim.name = sub
	sasl.oauthbearer.token.endpoint.url = null
	security.protocol = PLAINTEXT
	security.providers = null
	send.buffer.bytes = 131072
	session.timeout.ms = 45000
	socket.connection.setup.timeout.max.ms = 30000
	socket.connection.setup.timeout.ms = 10000
	ssl.cipher.suites = null
	ssl.enabled.protocols = [TLSv1.2, TLSv1.3]
	ssl.endpoint.identification.algorithm = https
	ssl.engine.factory.class = null
	ssl.key.password = null
	ssl.keymanager.algorithm = SunX509
	ssl.keystore.certificate.chain = null
	ssl.keystore.key = null
	ssl.keystore.location = null
	ssl.keystore.password = null
	ssl.keystore.type = JKS
	ssl.protocol = TLSv1.3
	ssl.provider = null
	ssl.secure.random.implementation = null
	ssl.trustmanager.algorithm = PKIX
	ssl.truststore.certificates = null
	ssl.truststore.location = null
	ssl.truststore.password = null
	ssl.truststore.type = JKS
	value.deserializer = class org.apache.kafka.common.serialization.StringDeserializer

2026-05-05T02:17:26.297+03:00  INFO 53855 --- [ms-spring-loader] [           main] o.a.k.c.t.i.KafkaMetricsCollector        : initializing Kafka metrics collector
2026-05-05T02:17:26.298+03:00  INFO 53855 --- [ms-spring-loader] [           main] o.a.k.clients.consumer.ConsumerConfig    : These configurations '[spring.json.trusted.packages]' were supplied but are not used yet.
2026-05-05T02:17:26.298+03:00  INFO 53855 --- [ms-spring-loader] [           main] o.a.kafka.common.utils.AppInfoParser     : Kafka version: 3.7.1
2026-05-05T02:17:26.299+03:00  INFO 53855 --- [ms-spring-loader] [           main] o.a.kafka.common.utils.AppInfoParser     : Kafka commitId: e2494e6ffb89f828
2026-05-05T02:17:26.299+03:00  INFO 53855 --- [ms-spring-loader] [           main] o.a.kafka.common.utils.AppInfoParser     : Kafka startTimeMs: 1777936646298
2026-05-05T02:17:26.299+03:00  INFO 53855 --- [ms-spring-loader] [           main] o.a.k.c.c.internals.LegacyKafkaConsumer  : [Consumer clientId=consumer-kafka-loader-listener-12, groupId=kafka-loader-listener] Subscribed to topic(s): topic-1, topic-2, topic-3, topic-4
2026-05-05T02:17:26.303+03:00  INFO 53855 --- [ms-spring-loader] [           main] c.e.m.KafkaToPostgresIntegrationTest     : Started KafkaToPostgresIntegrationTest in 1.218 seconds (process running for 3.258)
2026-05-05T02:17:26.312+03:00  INFO 53855 --- [ms-spring-loader] [           main] o.a.k.clients.admin.AdminClientConfig    : AdminClientConfig values: 
	auto.include.jmx.reporter = true
	bootstrap.controllers = []
	bootstrap.servers = [localhost:32787]
	client.dns.lookup = use_all_dns_ips
	client.id = 
	connections.max.idle.ms = 300000
	default.api.timeout.ms = 60000
	enable.metrics.push = true
	metadata.max.age.ms = 300000
	metric.reporters = []
	metrics.num.samples = 2
	metrics.recording.level = INFO
	metrics.sample.window.ms = 30000
	receive.buffer.bytes = 65536
	reconnect.backoff.max.ms = 1000
	reconnect.backoff.ms = 50
	request.timeout.ms = 30000
	retries = 2147483647
	retry.backoff.max.ms = 1000
	retry.backoff.ms = 100
	sasl.client.callback.handler.class = null
	sasl.jaas.config = null
	sasl.kerberos.kinit.cmd = /usr/bin/kinit
	sasl.kerberos.min.time.before.relogin = 60000
	sasl.kerberos.service.name = null
	sasl.kerberos.ticket.renew.jitter = 0.05
	sasl.kerberos.ticket.renew.window.factor = 0.8
	sasl.login.callback.handler.class = null
	sasl.login.class = null
	sasl.login.connect.timeout.ms = null
	sasl.login.read.timeout.ms = null
	sasl.login.refresh.buffer.seconds = 300
	sasl.login.refresh.min.period.seconds = 60
	sasl.login.refresh.window.factor = 0.8
	sasl.login.refresh.window.jitter = 0.05
	sasl.login.retry.backoff.max.ms = 10000
	sasl.login.retry.backoff.ms = 100
	sasl.mechanism = GSSAPI
	sasl.oauthbearer.clock.skew.seconds = 30
	sasl.oauthbearer.expected.audience = null
	sasl.oauthbearer.expected.issuer = null
	sasl.oauthbearer.jwks.endpoint.refresh.ms = 3600000
	sasl.oauthbearer.jwks.endpoint.retry.backoff.max.ms = 10000
	sasl.oauthbearer.jwks.endpoint.retry.backoff.ms = 100
	sasl.oauthbearer.jwks.endpoint.url = null
	sasl.oauthbearer.scope.claim.name = scope
	sasl.oauthbearer.sub.claim.name = sub
	sasl.oauthbearer.token.endpoint.url = null
	security.protocol = PLAINTEXT
	security.providers = null
	send.buffer.bytes = 131072
	socket.connection.setup.timeout.max.ms = 30000
	socket.connection.setup.timeout.ms = 10000
	ssl.cipher.suites = null
	ssl.enabled.protocols = [TLSv1.2, TLSv1.3]
	ssl.endpoint.identification.algorithm = https
	ssl.engine.factory.class = null
	ssl.key.password = null
	ssl.keymanager.algorithm = SunX509
	ssl.keystore.certificate.chain = null
	ssl.keystore.key = null
	ssl.keystore.location = null
	ssl.keystore.password = null
	ssl.keystore.type = JKS
	ssl.protocol = TLSv1.3
	ssl.provider = null
	ssl.secure.random.implementation = null
	ssl.trustmanager.algorithm = PKIX
	ssl.truststore.certificates = null
	ssl.truststore.location = null
	ssl.truststore.password = null
	ssl.truststore.type = JKS

2026-05-05T02:17:26.322+03:00  INFO 53855 --- [ms-spring-loader] [           main] o.a.kafka.common.utils.AppInfoParser     : Kafka version: 3.7.1
2026-05-05T02:17:26.322+03:00  INFO 53855 --- [ms-spring-loader] [           main] o.a.kafka.common.utils.AppInfoParser     : Kafka commitId: e2494e6ffb89f828
2026-05-05T02:17:26.322+03:00  INFO 53855 --- [ms-spring-loader] [           main] o.a.kafka.common.utils.AppInfoParser     : Kafka startTimeMs: 1777936646322
2026-05-05T02:17:26.385+03:00  WARN 53855 --- [ms-spring-loader] [-listener-8-C-1] org.apache.kafka.clients.NetworkClient   : [Consumer clientId=consumer-kafka-loader-listener-9, groupId=kafka-loader-listener] Error while fetching metadata with correlation id 2 : {topic-1=UNKNOWN_TOPIC_OR_PARTITION, topic-2=UNKNOWN_TOPIC_OR_PARTITION, topic-3=UNKNOWN_TOPIC_OR_PARTITION, topic-4=UNKNOWN_TOPIC_OR_PARTITION}
2026-05-05T02:17:26.385+03:00  WARN 53855 --- [ms-spring-loader] [-listener-4-C-1] org.apache.kafka.clients.NetworkClient   : [Consumer clientId=consumer-kafka-loader-listener-5, groupId=kafka-loader-listener] Error while fetching metadata with correlation id 2 : {topic-1=UNKNOWN_TOPIC_OR_PARTITION, topic-2=UNKNOWN_TOPIC_OR_PARTITION, topic-3=UNKNOWN_TOPIC_OR_PARTITION, topic-4=UNKNOWN_TOPIC_OR_PARTITION}
2026-05-05T02:17:26.385+03:00  WARN 53855 --- [ms-spring-loader] [-listener-3-C-1] org.apache.kafka.clients.NetworkClient   : [Consumer clientId=consumer-kafka-loader-listener-4, groupId=kafka-loader-listener] Error while fetching metadata with correlation id 2 : {topic-1=UNKNOWN_TOPIC_OR_PARTITION, topic-2=UNKNOWN_TOPIC_OR_PARTITION, topic-3=UNKNOWN_TOPIC_OR_PARTITION, topic-4=UNKNOWN_TOPIC_OR_PARTITION}
2026-05-05T02:17:26.385+03:00  WARN 53855 --- [ms-spring-loader] [-listener-5-C-1] org.apache.kafka.clients.NetworkClient   : [Consumer clientId=consumer-kafka-loader-listener-6, groupId=kafka-loader-listener] Error while fetching metadata with correlation id 2 : {topic-1=UNKNOWN_TOPIC_OR_PARTITION, topic-2=UNKNOWN_TOPIC_OR_PARTITION, topic-3=UNKNOWN_TOPIC_OR_PARTITION, topic-4=UNKNOWN_TOPIC_OR_PARTITION}
2026-05-05T02:17:26.385+03:00  WARN 53855 --- [ms-spring-loader] [listener-11-C-1] org.apache.kafka.clients.NetworkClient   : [Consumer clientId=consumer-kafka-loader-listener-12, groupId=kafka-loader-listener] Error while fetching metadata with correlation id 2 : {topic-1=UNKNOWN_TOPIC_OR_PARTITION, topic-2=UNKNOWN_TOPIC_OR_PARTITION, topic-3=UNKNOWN_TOPIC_OR_PARTITION, topic-4=UNKNOWN_TOPIC_OR_PARTITION}
2026-05-05T02:17:26.385+03:00  WARN 53855 --- [ms-spring-loader] [-listener-1-C-1] org.apache.kafka.clients.NetworkClient   : [Consumer clientId=consumer-kafka-loader-listener-2, groupId=kafka-loader-listener] Error while fetching metadata with correlation id 2 : {topic-1=UNKNOWN_TOPIC_OR_PARTITION, topic-2=UNKNOWN_TOPIC_OR_PARTITION, topic-3=UNKNOWN_TOPIC_OR_PARTITION, topic-4=UNKNOWN_TOPIC_OR_PARTITION}
2026-05-05T02:17:26.386+03:00  WARN 53855 --- [ms-spring-loader] [listener-10-C-1] org.apache.kafka.clients.NetworkClient   : [Consumer clientId=consumer-kafka-loader-listener-11, groupId=kafka-loader-listener] Error while fetching metadata with correlation id 2 : {topic-1=UNKNOWN_TOPIC_OR_PARTITION, topic-2=UNKNOWN_TOPIC_OR_PARTITION, topic-3=UNKNOWN_TOPIC_OR_PARTITION, topic-4=UNKNOWN_TOPIC_OR_PARTITION}
2026-05-05T02:17:26.386+03:00  INFO 53855 --- [ms-spring-loader] [-listener-1-C-1] org.apache.kafka.clients.Metadata        : [Consumer clientId=consumer-kafka-loader-listener-2, groupId=kafka-loader-listener] Cluster ID: 4L6g3nShT-eMCtK--X86sw
2026-05-05T02:17:26.386+03:00  INFO 53855 --- [ms-spring-loader] [-listener-8-C-1] org.apache.kafka.clients.Metadata        : [Consumer clientId=consumer-kafka-loader-listener-9, groupId=kafka-loader-listener] Cluster ID: 4L6g3nShT-eMCtK--X86sw
2026-05-05T02:17:26.385+03:00  WARN 53855 --- [ms-spring-loader] [-listener-2-C-1] org.apache.kafka.clients.NetworkClient   : [Consumer clientId=consumer-kafka-loader-listener-3, groupId=kafka-loader-listener] Error while fetching metadata with correlation id 2 : {topic-1=UNKNOWN_TOPIC_OR_PARTITION, topic-2=UNKNOWN_TOPIC_OR_PARTITION, topic-3=UNKNOWN_TOPIC_OR_PARTITION, topic-4=UNKNOWN_TOPIC_OR_PARTITION}
2026-05-05T02:17:26.386+03:00  INFO 53855 --- [ms-spring-loader] [-listener-4-C-1] org.apache.kafka.clients.Metadata        : [Consumer clientId=consumer-kafka-loader-listener-5, groupId=kafka-loader-listener] Cluster ID: 4L6g3nShT-eMCtK--X86sw
2026-05-05T02:17:26.386+03:00  INFO 53855 --- [ms-spring-loader] [-listener-2-C-1] org.apache.kafka.clients.Metadata        : [Consumer clientId=consumer-kafka-loader-listener-3, groupId=kafka-loader-listener] Cluster ID: 4L6g3nShT-eMCtK--X86sw
2026-05-05T02:17:26.386+03:00  INFO 53855 --- [ms-spring-loader] [-listener-3-C-1] org.apache.kafka.clients.Metadata        : [Consumer clientId=consumer-kafka-loader-listener-4, groupId=kafka-loader-listener] Cluster ID: 4L6g3nShT-eMCtK--X86sw
2026-05-05T02:17:26.386+03:00  INFO 53855 --- [ms-spring-loader] [listener-11-C-1] org.apache.kafka.clients.Metadata        : [Consumer clientId=consumer-kafka-loader-listener-12, groupId=kafka-loader-listener] Cluster ID: 4L6g3nShT-eMCtK--X86sw
2026-05-05T02:17:26.386+03:00  WARN 53855 --- [ms-spring-loader] [-listener-7-C-1] org.apache.kafka.clients.NetworkClient   : [Consumer clientId=consumer-kafka-loader-listener-8, groupId=kafka-loader-listener] Error while fetching metadata with correlation id 2 : {topic-1=UNKNOWN_TOPIC_OR_PARTITION, topic-2=UNKNOWN_TOPIC_OR_PARTITION, topic-3=UNKNOWN_TOPIC_OR_PARTITION, topic-4=UNKNOWN_TOPIC_OR_PARTITION}
2026-05-05T02:17:26.386+03:00  INFO 53855 --- [ms-spring-loader] [-listener-5-C-1] org.apache.kafka.clients.Metadata        : [Consumer clientId=consumer-kafka-loader-listener-6, groupId=kafka-loader-listener] Cluster ID: 4L6g3nShT-eMCtK--X86sw
2026-05-05T02:17:26.386+03:00  INFO 53855 --- [ms-spring-loader] [-listener-7-C-1] org.apache.kafka.clients.Metadata        : [Consumer clientId=consumer-kafka-loader-listener-8, groupId=kafka-loader-listener] Cluster ID: 4L6g3nShT-eMCtK--X86sw
2026-05-05T02:17:26.386+03:00  INFO 53855 --- [ms-spring-loader] [listener-10-C-1] org.apache.kafka.clients.Metadata        : [Consumer clientId=consumer-kafka-loader-listener-11, groupId=kafka-loader-listener] Cluster ID: 4L6g3nShT-eMCtK--X86sw
2026-05-05T02:17:26.386+03:00  WARN 53855 --- [ms-spring-loader] [-listener-9-C-1] org.apache.kafka.clients.NetworkClient   : [Consumer clientId=consumer-kafka-loader-listener-10, groupId=kafka-loader-listener] Error while fetching metadata with correlation id 2 : {topic-1=UNKNOWN_TOPIC_OR_PARTITION, topic-2=UNKNOWN_TOPIC_OR_PARTITION, topic-3=UNKNOWN_TOPIC_OR_PARTITION, topic-4=UNKNOWN_TOPIC_OR_PARTITION}
2026-05-05T02:17:26.386+03:00  INFO 53855 --- [ms-spring-loader] [-listener-9-C-1] org.apache.kafka.clients.Metadata        : [Consumer clientId=consumer-kafka-loader-listener-10, groupId=kafka-loader-listener] Cluster ID: 4L6g3nShT-eMCtK--X86sw
2026-05-05T02:17:26.390+03:00  WARN 53855 --- [ms-spring-loader] [-listener-0-C-1] org.apache.kafka.clients.NetworkClient   : [Consumer clientId=consumer-kafka-loader-listener-1, groupId=kafka-loader-listener] Error while fetching metadata with correlation id 2 : {topic-1=UNKNOWN_TOPIC_OR_PARTITION, topic-2=UNKNOWN_TOPIC_OR_PARTITION, topic-3=UNKNOWN_TOPIC_OR_PARTITION, topic-4=UNKNOWN_TOPIC_OR_PARTITION}
2026-05-05T02:17:26.390+03:00  WARN 53855 --- [ms-spring-loader] [-listener-6-C-1] org.apache.kafka.clients.NetworkClient   : [Consumer clientId=consumer-kafka-loader-listener-7, groupId=kafka-loader-listener] Error while fetching metadata with correlation id 2 : {topic-1=UNKNOWN_TOPIC_OR_PARTITION, topic-2=UNKNOWN_TOPIC_OR_PARTITION, topic-3=UNKNOWN_TOPIC_OR_PARTITION, topic-4=UNKNOWN_TOPIC_OR_PARTITION}
2026-05-05T02:17:26.390+03:00  INFO 53855 --- [ms-spring-loader] [-listener-0-C-1] org.apache.kafka.clients.Metadata        : [Consumer clientId=consumer-kafka-loader-listener-1, groupId=kafka-loader-listener] Cluster ID: 4L6g3nShT-eMCtK--X86sw
2026-05-05T02:17:26.390+03:00  INFO 53855 --- [ms-spring-loader] [-listener-6-C-1] org.apache.kafka.clients.Metadata        : [Consumer clientId=consumer-kafka-loader-listener-7, groupId=kafka-loader-listener] Cluster ID: 4L6g3nShT-eMCtK--X86sw
2026-05-05T02:17:26.463+03:00  INFO 53855 --- [ms-spring-loader] [| adminclient-1] o.a.kafka.common.utils.AppInfoParser     : App info kafka.admin.client for adminclient-1 unregistered
2026-05-05T02:17:26.465+03:00  INFO 53855 --- [ms-spring-loader] [| adminclient-1] o.apache.kafka.common.metrics.Metrics    : Metrics scheduler closed
2026-05-05T02:17:26.465+03:00  INFO 53855 --- [ms-spring-loader] [| adminclient-1] o.apache.kafka.common.metrics.Metrics    : Closing reporter org.apache.kafka.common.metrics.JmxReporter
2026-05-05T02:17:26.465+03:00  INFO 53855 --- [ms-spring-loader] [| adminclient-1] o.apache.kafka.common.metrics.Metrics    : Metrics reporters closed
2026-05-05T02:17:26.499+03:00  INFO 53855 --- [ms-spring-loader] [-listener-7-C-1] o.a.k.c.c.internals.ConsumerCoordinator  : [Consumer clientId=consumer-kafka-loader-listener-8, groupId=kafka-loader-listener] Discovered group coordinator localhost:32787 (id: 2147483646 rack: null)
2026-05-05T02:17:26.499+03:00  INFO 53855 --- [ms-spring-loader] [-listener-8-C-1] o.a.k.c.c.internals.ConsumerCoordinator  : [Consumer clientId=consumer-kafka-loader-listener-9, groupId=kafka-loader-listener] Discovered group coordinator localhost:32787 (id: 2147483646 rack: null)
2026-05-05T02:17:26.500+03:00  INFO 53855 --- [ms-spring-loader] [-listener-7-C-1] o.a.k.c.c.internals.ConsumerCoordinator  : [Consumer clientId=consumer-kafka-loader-listener-8, groupId=kafka-loader-listener] (Re-)joining group
2026-05-05T02:17:26.500+03:00  INFO 53855 --- [ms-spring-loader] [-listener-8-C-1] o.a.k.c.c.internals.ConsumerCoordinator  : [Consumer clientId=consumer-kafka-loader-listener-9, groupId=kafka-loader-listener] (Re-)joining group
2026-05-05T02:17:26.508+03:00  INFO 53855 --- [ms-spring-loader] [-listener-9-C-1] o.a.k.c.c.internals.ConsumerCoordinator  : [Consumer clientId=consumer-kafka-loader-listener-10, groupId=kafka-loader-listener] Discovered group coordinator localhost:32787 (id: 2147483646 rack: null)
2026-05-05T02:17:26.508+03:00  INFO 53855 --- [ms-spring-loader] [-listener-9-C-1] o.a.k.c.c.internals.ConsumerCoordinator  : [Consumer clientId=consumer-kafka-loader-listener-10, groupId=kafka-loader-listener] (Re-)joining group
2026-05-05T02:17:26.508+03:00  INFO 53855 --- [ms-spring-loader] [-listener-6-C-1] o.a.k.c.c.internals.ConsumerCoordinator  : [Consumer clientId=consumer-kafka-loader-listener-7, groupId=kafka-loader-listener] Discovered group coordinator localhost:32787 (id: 2147483646 rack: null)
2026-05-05T02:17:26.509+03:00  INFO 53855 --- [ms-spring-loader] [-listener-6-C-1] o.a.k.c.c.internals.ConsumerCoordinator  : [Consumer clientId=consumer-kafka-loader-listener-7, groupId=kafka-loader-listener] (Re-)joining group
2026-05-05T02:17:26.511+03:00  INFO 53855 --- [ms-spring-loader] [-listener-1-C-1] o.a.k.c.c.internals.ConsumerCoordinator  : [Consumer clientId=consumer-kafka-loader-listener-2, groupId=kafka-loader-listener] Discovered group coordinator localhost:32787 (id: 2147483646 rack: null)
2026-05-05T02:17:26.511+03:00  INFO 53855 --- [ms-spring-loader] [-listener-0-C-1] o.a.k.c.c.internals.ConsumerCoordinator  : [Consumer clientId=consumer-kafka-loader-listener-1, groupId=kafka-loader-listener] Discovered group coordinator localhost:32787 (id: 2147483646 rack: null)
2026-05-05T02:17:26.512+03:00  INFO 53855 --- [ms-spring-loader] [-listener-1-C-1] o.a.k.c.c.internals.ConsumerCoordinator  : [Consumer clientId=consumer-kafka-loader-listener-2, groupId=kafka-loader-listener] (Re-)joining group
2026-05-05T02:17:26.512+03:00  INFO 53855 --- [ms-spring-loader] [-listener-0-C-1] o.a.k.c.c.internals.ConsumerCoordinator  : [Consumer clientId=consumer-kafka-loader-listener-1, groupId=kafka-loader-listener] (Re-)joining group
2026-05-05T02:17:26.513+03:00  INFO 53855 --- [ms-spring-loader] [-listener-7-C-1] o.a.k.c.c.internals.ConsumerCoordinator  : [Consumer clientId=consumer-kafka-loader-listener-8, groupId=kafka-loader-listener] Request joining group due to: need to re-join with the given member-id: consumer-kafka-loader-listener-8-312de92a-2999-4db2-bc74-55853a04f98a
2026-05-05T02:17:26.513+03:00  INFO 53855 --- [ms-spring-loader] [-listener-7-C-1] o.a.k.c.c.internals.ConsumerCoordinator  : [Consumer clientId=consumer-kafka-loader-listener-8, groupId=kafka-loader-listener] (Re-)joining group
2026-05-05T02:17:26.514+03:00  INFO 53855 --- [ms-spring-loader] [listener-11-C-1] o.a.k.c.c.internals.ConsumerCoordinator  : [Consumer clientId=consumer-kafka-loader-listener-12, groupId=kafka-loader-listener] Discovered group coordinator localhost:32787 (id: 2147483646 rack: null)
[...]
2026-05-05T02:17:26.557+03:00  INFO 53855 --- [ms-spring-loader] [-listener-1-C-1] k.c.c.i.ConsumerRebalanceListenerInvoker : [Consumer clientId=consumer-kafka-loader-listener-2, groupId=kafka-loader-listener] Adding newly assigned partitions: 
2026-05-05T02:17:26.557+03:00  INFO 53855 --- [ms-spring-loader] [-listener-5-C-1] o.a.k.c.c.internals.ConsumerCoordinator  : [Consumer clientId=consumer-kafka-loader-listener-6, groupId=kafka-loader-listener] Notifying assignor about the new Assignment(partitions=[])
2026-05-05T02:17:26.557+03:00  INFO 53855 --- [ms-spring-loader] [-listener-5-C-1] k.c.c.i.ConsumerRebalanceListenerInvoker : [Consumer clientId=consumer-kafka-loader-listener-6, groupId=kafka-loader-listener] Adding newly assigned partitions: 
2026-05-05T02:17:26.557+03:00  INFO 53855 --- [ms-spring-loader] [-listener-0-C-1] o.a.k.c.c.internals.ConsumerCoordinator  : [Consumer clientId=consumer-kafka-loader-listener-1, groupId=kafka-loader-listener] Successfully synced group in generation Generation{generationId=2, memberId='consumer-kafka-loader-listener-1-079d0749-b236-4eef-8a0b-cad55f122c32', protocol='range'}
2026-05-05T02:17:26.557+03:00  INFO 53855 --- [ms-spring-loader] [-listener-9-C-1] o.a.k.c.c.internals.ConsumerCoordinator  : [Consumer clientId=consumer-kafka-loader-listener-10, groupId=kafka-loader-listener] Successfully synced group in generation Generation{generationId=2, memberId='consumer-kafka-loader-listener-10-5b625c30-81b1-45c3-bb5b-7d504a5aa0d7', protocol='range'}
2026-05-05T02:17:26.557+03:00  INFO 53855 --- [ms-spring-loader] [-listener-0-C-1] o.a.k.c.c.internals.ConsumerCoordinator  : [Consumer clientId=consumer-kafka-loader-listener-1, groupId=kafka-loader-listener] Notifying assignor about the new Assignment(partitions=[topic-1-0, topic-2-0, topic-3-0, topic-4-0])
2026-05-05T02:17:26.557+03:00  INFO 53855 --- [ms-spring-loader] [-listener-9-C-1] o.a.k.c.c.internals.ConsumerCoordinator  : [Consumer clientId=consumer-kafka-loader-listener-10, groupId=kafka-loader-listener] Notifying assignor about the new Assignment(partitions=[])
2026-05-05T02:17:26.557+03:00  INFO 53855 --- [ms-spring-loader] [-listener-1-C-1] o.s.k.l.KafkaMessageListenerContainer    : kafka-loader-listener: partitions assigned: []
2026-05-05T02:17:26.557+03:00  INFO 53855 --- [ms-spring-loader] [-listener-9-C-1] k.c.c.i.ConsumerRebalanceListenerInvoker : [Consumer clientId=consumer-kafka-loader-listener-10, groupId=kafka-loader-listener] Adding newly assigned partitions: 
2026-05-05T02:17:26.557+03:00  INFO 53855 --- [ms-spring-loader] [-listener-5-C-1] o.s.k.l.KafkaMessageListenerContainer    : kafka-loader-listener: partitions assigned: []
2026-05-05T02:17:26.557+03:00  INFO 53855 --- [ms-spring-loader] [-listener-9-C-1] o.s.k.l.KafkaMessageListenerContainer    : kafka-loader-listener: partitions assigned: []
2026-05-05T02:17:26.557+03:00  INFO 53855 --- [ms-spring-loader] [-listener-7-C-1] o.a.k.c.c.internals.ConsumerCoordinator  : [Consumer clientId=consumer-kafka-loader-listener-8, groupId=kafka-loader-listener] Successfully synced group in generation Generation{generationId=2, memberId='consumer-kafka-loader-listener-8-312de92a-2999-4db2-bc74-55853a04f98a', protocol='range'}
2026-05-05T02:17:26.557+03:00  INFO 53855 --- [ms-spring-loader] [-listener-4-C-1] o.a.k.c.c.internals.ConsumerCoordinator  : [Consumer clientId=consumer-kafka-loader-listener-5, groupId=kafka-loader-listener] Successfully synced group in generation Generation{generationId=2, memberId='consumer-kafka-loader-listener-5-99d33384-0406-47e0-a065-0a060b20c752', protocol='range'}
2026-05-05T02:17:26.557+03:00  INFO 53855 --- [ms-spring-loader] [-listener-7-C-1] o.a.k.c.c.internals.ConsumerCoordinator  : [Consumer clientId=consumer-kafka-loader-listener-8, groupId=kafka-loader-listener] Notifying assignor about the new Assignment(partitions=[])
2026-05-05T02:17:26.557+03:00  INFO 53855 --- [ms-spring-loader] [-listener-7-C-1] k.c.c.i.ConsumerRebalanceListenerInvoker : [Consumer clientId=consumer-kafka-loader-listener-8, groupId=kafka-loader-listener] Adding newly assigned partitions: 
2026-05-05T02:17:26.557+03:00  INFO 53855 --- [ms-spring-loader] [-listener-4-C-1] o.a.k.c.c.internals.ConsumerCoordinator  : [Consumer clientId=consumer-kafka-loader-listener-5, groupId=kafka-loader-listener] Notifying assignor about the new Assignment(partitions=[])
2026-05-05T02:17:26.557+03:00  INFO 53855 --- [ms-spring-loader] [-listener-7-C-1] o.s.k.l.KafkaMessageListenerContainer    : kafka-loader-listener: partitions assigned: []
2026-05-05T02:17:26.557+03:00  INFO 53855 --- [ms-spring-loader] [-listener-4-C-1] k.c.c.i.ConsumerRebalanceListenerInvoker : [Consumer clientId=consumer-kafka-loader-listener-5, groupId=kafka-loader-listener] Adding newly assigned partitions: 
2026-05-05T02:17:26.557+03:00  INFO 53855 --- [ms-spring-loader] [-listener-4-C-1] o.s.k.l.KafkaMessageListenerContainer    : kafka-loader-listener: partitions assigned: []
2026-05-05T02:17:26.558+03:00  INFO 53855 --- [ms-spring-loader] [-listener-6-C-1] o.a.k.c.c.internals.ConsumerCoordinator  : [Consumer clientId=consumer-kafka-loader-listener-7, groupId=kafka-loader-listener] Successfully synced group in generation Generation{generationId=2, memberId='consumer-kafka-loader-listener-7-7d2e8efe-8bcd-4f76-bbbb-7fb4b7f1475d', protocol='range'}
2026-05-05T02:17:26.558+03:00  INFO 53855 --- [ms-spring-loader] [-listener-6-C-1] o.a.k.c.c.internals.ConsumerCoordinator  : [Consumer clientId=consumer-kafka-loader-listener-7, groupId=kafka-loader-listener] Notifying assignor about the new Assignment(partitions=[])
2026-05-05T02:17:26.558+03:00  INFO 53855 --- [ms-spring-loader] [-listener-6-C-1] k.c.c.i.ConsumerRebalanceListenerInvoker : [Consumer clientId=consumer-kafka-loader-listener-7, groupId=kafka-loader-listener] Adding newly assigned partitions: 
2026-05-05T02:17:26.558+03:00  INFO 53855 --- [ms-spring-loader] [-listener-6-C-1] o.s.k.l.KafkaMessageListenerContainer    : kafka-loader-listener: partitions assigned: []
2026-05-05T02:17:26.558+03:00  INFO 53855 --- [ms-spring-loader] [listener-10-C-1] o.a.k.c.c.internals.ConsumerCoordinator  : [Consumer clientId=consumer-kafka-loader-listener-11, groupId=kafka-loader-listener] Successfully synced group in generation Generation{generationId=2, memberId='consumer-kafka-loader-listener-11-dd2e460b-c0e3-4cb9-bf1c-0863ca7476c1', protocol='range'}
2026-05-05T02:17:26.558+03:00  INFO 53855 --- [ms-spring-loader] [-listener-8-C-1] o.a.k.c.c.internals.ConsumerCoordinator  : [Consumer clientId=consumer-kafka-loader-listener-9, groupId=kafka-loader-listener] Successfully synced group in generation Generation{generationId=2, memberId='consumer-kafka-loader-listener-9-fe8b7f87-e4ef-4a12-aca1-29e2a455e5e1', protocol='range'}
2026-05-05T02:17:26.558+03:00  INFO 53855 --- [ms-spring-loader] [-listener-0-C-1] k.c.c.i.ConsumerRebalanceListenerInvoker : [Consumer clientId=consumer-kafka-loader-listener-1, groupId=kafka-loader-listener] Adding newly assigned partitions: topic-1-0, topic-2-0, topic-3-0, topic-4-0
2026-05-05T02:17:26.558+03:00  INFO 53855 --- [ms-spring-loader] [listener-10-C-1] o.a.k.c.c.internals.ConsumerCoordinator  : [Consumer clientId=consumer-kafka-loader-listener-11, groupId=kafka-loader-listener] Notifying assignor about the new Assignment(partitions=[])
2026-05-05T02:17:26.558+03:00  INFO 53855 --- [ms-spring-loader] [-listener-8-C-1] o.a.k.c.c.internals.ConsumerCoordinator  : [Consumer clientId=consumer-kafka-loader-listener-9, groupId=kafka-loader-listener] Notifying assignor about the new Assignment(partitions=[])
2026-05-05T02:17:26.558+03:00  INFO 53855 --- [ms-spring-loader] [-listener-8-C-1] k.c.c.i.ConsumerRebalanceListenerInvoker : [Consumer clientId=consumer-kafka-loader-listener-9, groupId=kafka-loader-listener] Adding newly assigned partitions: 
2026-05-05T02:17:26.558+03:00  INFO 53855 --- [ms-spring-loader] [listener-11-C-1] o.a.k.c.c.internals.ConsumerCoordinator  : [Consumer clientId=consumer-kafka-loader-listener-12, groupId=kafka-loader-listener] Successfully synced group in generation Generation{generationId=2, memberId='consumer-kafka-loader-listener-12-90f6443e-c042-4e6e-a857-0b2c0fa74f0d', protocol='range'}
2026-05-05T02:17:26.558+03:00  INFO 53855 --- [ms-spring-loader] [-listener-8-C-1] o.s.k.l.KafkaMessageListenerContainer    : kafka-loader-listener: partitions assigned: []
2026-05-05T02:17:26.558+03:00  INFO 53855 --- [ms-spring-loader] [listener-11-C-1] o.a.k.c.c.internals.ConsumerCoordinator  : [Consumer clientId=consumer-kafka-loader-listener-12, groupId=kafka-loader-listener] Notifying assignor about the new Assignment(partitions=[])
2026-05-05T02:17:26.558+03:00  INFO 53855 --- [ms-spring-loader] [-listener-2-C-1] o.a.k.c.c.internals.ConsumerCoordinator  : [Consumer clientId=consumer-kafka-loader-listener-3, groupId=kafka-loader-listener] Successfully synced group in generation Generation{generationId=2, memberId='consumer-kafka-loader-listener-3-e49cd662-e0eb-40e4-8e7a-f79b03a756d1', protocol='range'}
2026-05-05T02:17:26.558+03:00  INFO 53855 --- [ms-spring-loader] [listener-10-C-1] k.c.c.i.ConsumerRebalanceListenerInvoker : [Consumer clientId=consumer-kafka-loader-listener-11, groupId=kafka-loader-listener] Adding newly assigned partitions: 
2026-05-05T02:17:26.558+03:00  INFO 53855 --- [ms-spring-loader] [listener-11-C-1] k.c.c.i.ConsumerRebalanceListenerInvoker : [Consumer clientId=consumer-kafka-loader-listener-12, groupId=kafka-loader-listener] Adding newly assigned partitions: 
2026-05-05T02:17:26.558+03:00  INFO 53855 --- [ms-spring-loader] [listener-10-C-1] o.s.k.l.KafkaMessageListenerContainer    : kafka-loader-listener: partitions assigned: []
2026-05-05T02:17:26.558+03:00  INFO 53855 --- [ms-spring-loader] [-listener-2-C-1] o.a.k.c.c.internals.ConsumerCoordinator  : [Consumer clientId=consumer-kafka-loader-listener-3, groupId=kafka-loader-listener] Notifying assignor about the new Assignment(partitions=[])
2026-05-05T02:17:26.558+03:00  INFO 53855 --- [ms-spring-loader] [-listener-3-C-1] o.a.k.c.c.internals.ConsumerCoordinator  : [Consumer clientId=consumer-kafka-loader-listener-4, groupId=kafka-loader-listener] Successfully synced group in generation Generation{generationId=2, memberId='consumer-kafka-loader-listener-4-5debe336-11d1-4912-8e10-a88bd9a2879b', protocol='range'}
2026-05-05T02:17:26.558+03:00  INFO 53855 --- [ms-spring-loader] [listener-11-C-1] o.s.k.l.KafkaMessageListenerContainer    : kafka-loader-listener: partitions assigned: []
2026-05-05T02:17:26.558+03:00  INFO 53855 --- [ms-spring-loader] [-listener-2-C-1] k.c.c.i.ConsumerRebalanceListenerInvoker : [Consumer clientId=consumer-kafka-loader-listener-3, groupId=kafka-loader-listener] Adding newly assigned partitions: 
2026-05-05T02:17:26.558+03:00  INFO 53855 --- [ms-spring-loader] [-listener-3-C-1] o.a.k.c.c.internals.ConsumerCoordinator  : [Consumer clientId=consumer-kafka-loader-listener-4, groupId=kafka-loader-listener] Notifying assignor about the new Assignment(partitions=[])
2026-05-05T02:17:26.558+03:00  INFO 53855 --- [ms-spring-loader] [-listener-2-C-1] o.s.k.l.KafkaMessageListenerContainer    : kafka-loader-listener: partitions assigned: []
2026-05-05T02:17:26.558+03:00  INFO 53855 --- [ms-spring-loader] [-listener-3-C-1] k.c.c.i.ConsumerRebalanceListenerInvoker : [Consumer clientId=consumer-kafka-loader-listener-4, groupId=kafka-loader-listener] Adding newly assigned partitions: 
2026-05-05T02:17:26.558+03:00  INFO 53855 --- [ms-spring-loader] [-listener-3-C-1] o.s.k.l.KafkaMessageListenerContainer    : kafka-loader-listener: partitions assigned: []
2026-05-05T02:17:26.561+03:00  INFO 53855 --- [ms-spring-loader] [-listener-0-C-1] o.a.k.c.c.internals.ConsumerCoordinator  : [Consumer clientId=consumer-kafka-loader-listener-1, groupId=kafka-loader-listener] Found no committed offset for partition topic-1-0
2026-05-05T02:17:26.561+03:00  INFO 53855 --- [ms-spring-loader] [-listener-0-C-1] o.a.k.c.c.internals.ConsumerCoordinator  : [Consumer clientId=consumer-kafka-loader-listener-1, groupId=kafka-loader-listener] Found no committed offset for partition topic-2-0
2026-05-05T02:17:26.561+03:00  INFO 53855 --- [ms-spring-loader] [-listener-0-C-1] o.a.k.c.c.internals.ConsumerCoordinator  : [Consumer clientId=consumer-kafka-loader-listener-1, groupId=kafka-loader-listener] Found no committed offset for partition topic-3-0
2026-05-05T02:17:26.561+03:00  INFO 53855 --- [ms-spring-loader] [-listener-0-C-1] o.a.k.c.c.internals.ConsumerCoordinator  : [Consumer clientId=consumer-kafka-loader-listener-1, groupId=kafka-loader-listener] Found no committed offset for partition topic-4-0
2026-05-05T02:17:26.565+03:00  INFO 53855 --- [ms-spring-loader] [-listener-0-C-1] o.a.k.c.c.internals.SubscriptionState    : [Consumer clientId=consumer-kafka-loader-listener-1, groupId=kafka-loader-listener] Resetting offset for partition topic-1-0 to position FetchPosition{offset=0, offsetEpoch=Optional.empty, currentLeader=LeaderAndEpoch{leader=Optional[localhost:32787 (id: 1 rack: null)], epoch=0}}.
2026-05-05T02:17:26.565+03:00  INFO 53855 --- [ms-spring-loader] [-listener-0-C-1] o.a.k.c.c.internals.SubscriptionState    : [Consumer clientId=consumer-kafka-loader-listener-1, groupId=kafka-loader-listener] Resetting offset for partition topic-2-0 to position FetchPosition{offset=0, offsetEpoch=Optional.empty, currentLeader=LeaderAndEpoch{leader=Optional[localhost:32787 (id: 1 rack: null)], epoch=0}}.
2026-05-05T02:17:26.565+03:00  INFO 53855 --- [ms-spring-loader] [-listener-0-C-1] o.a.k.c.c.internals.SubscriptionState    : [Consumer clientId=consumer-kafka-loader-listener-1, groupId=kafka-loader-listener] Resetting offset for partition topic-3-0 to position FetchPosition{offset=0, offsetEpoch=Optional.empty, currentLeader=LeaderAndEpoch{leader=Optional[localhost:32787 (id: 1 rack: null)], epoch=0}}.
2026-05-05T02:17:26.565+03:00  INFO 53855 --- [ms-spring-loader] [-listener-0-C-1] o.a.k.c.c.internals.SubscriptionState    : [Consumer clientId=consumer-kafka-loader-listener-1, groupId=kafka-loader-listener] Resetting offset for partition topic-4-0 to position FetchPosition{offset=0, offsetEpoch=Optional.empty, currentLeader=LeaderAndEpoch{leader=Optional[localhost:32787 (id: 1 rack: null)], epoch=0}}.
2026-05-05T02:17:26.565+03:00  INFO 53855 --- [ms-spring-loader] [-listener-0-C-1] o.s.k.l.KafkaMessageListenerContainer    : kafka-loader-listener: partitions assigned: [topic-1-0, topic-2-0, topic-3-0, topic-4-0]
2026-05-05T02:17:26.759+03:00  INFO 53855 --- [ms-spring-loader] [           main] o.a.k.clients.producer.ProducerConfig    : ProducerConfig values: 
	acks = -1
	auto.include.jmx.reporter = true
	batch.size = 16384
	bootstrap.servers = [localhost:32787]
	buffer.memory = 33554432
	client.dns.lookup = use_all_dns_ips
	client.id = ms-spring-loader-producer-1
	compression.type = none
	connections.max.idle.ms = 540000
	delivery.timeout.ms = 120000
	enable.idempotence = true
	enable.metrics.push = true
	interceptor.classes = []
	key.serializer = class org.apache.kafka.common.serialization.StringSerializer
	linger.ms = 0
	max.block.ms = 60000
	max.in.flight.requests.per.connection = 5
	max.request.size = 1048576
	metadata.max.age.ms = 300000
	metadata.max.idle.ms = 300000
	metric.reporters = []
	metrics.num.samples = 2
	metrics.recording.level = INFO
	metrics.sample.window.ms = 30000
	partitioner.adaptive.partitioning.enable = true
	partitioner.availability.timeout.ms = 0
	partitioner.class = null
	partitioner.ignore.keys = false
	receive.buffer.bytes = 32768
	reconnect.backoff.max.ms = 1000
	reconnect.backoff.ms = 50
	request.timeout.ms = 30000
	retries = 2147483647
	retry.backoff.max.ms = 1000
	retry.backoff.ms = 100
	sasl.client.callback.handler.class = null
	sasl.jaas.config = null
	sasl.kerberos.kinit.cmd = /usr/bin/kinit
	sasl.kerberos.min.time.before.relogin = 60000
	sasl.kerberos.service.name = null
	sasl.kerberos.ticket.renew.jitter = 0.05
	sasl.kerberos.ticket.renew.window.factor = 0.8
	sasl.login.callback.handler.class = null
	sasl.login.class = null
	sasl.login.connect.timeout.ms = null
	sasl.login.read.timeout.ms = null
	sasl.login.refresh.buffer.seconds = 300
	sasl.login.refresh.min.period.seconds = 60
	sasl.login.refresh.window.factor = 0.8
	sasl.login.refresh.window.jitter = 0.05
	sasl.login.retry.backoff.max.ms = 10000
	sasl.login.retry.backoff.ms = 100
	sasl.mechanism = GSSAPI
	sasl.oauthbearer.clock.skew.seconds = 30
	sasl.oauthbearer.expected.audience = null
	sasl.oauthbearer.expected.issuer = null
	sasl.oauthbearer.jwks.endpoint.refresh.ms = 3600000
	sasl.oauthbearer.jwks.endpoint.retry.backoff.max.ms = 10000
	sasl.oauthbearer.jwks.endpoint.retry.backoff.ms = 100
	sasl.oauthbearer.jwks.endpoint.url = null
	sasl.oauthbearer.scope.claim.name = scope
	sasl.oauthbearer.sub.claim.name = sub
	sasl.oauthbearer.token.endpoint.url = null
	security.protocol = PLAINTEXT
	security.providers = null
	send.buffer.bytes = 131072
	socket.connection.setup.timeout.max.ms = 30000
	socket.connection.setup.timeout.ms = 10000
	ssl.cipher.suites = null
	ssl.enabled.protocols = [TLSv1.2, TLSv1.3]
	ssl.endpoint.identification.algorithm = https
	ssl.engine.factory.class = null
	ssl.key.password = null
	ssl.keymanager.algorithm = SunX509
	ssl.keystore.certificate.chain = null
	ssl.keystore.key = null
	ssl.keystore.location = null
	ssl.keystore.password = null
	ssl.keystore.type = JKS
	ssl.protocol = TLSv1.3
	ssl.provider = null
	ssl.secure.random.implementation = null
	ssl.trustmanager.algorithm = PKIX
	ssl.truststore.certificates = null
	ssl.truststore.location = null
	ssl.truststore.password = null
	ssl.truststore.type = JKS
	transaction.timeout.ms = 60000
	transactional.id = null
	value.serializer = class org.apache.kafka.common.serialization.StringSerializer

2026-05-05T02:17:26.759+03:00  INFO 53855 --- [ms-spring-loader] [           main] o.a.k.c.t.i.KafkaMetricsCollector        : initializing Kafka metrics collector
2026-05-05T02:17:26.762+03:00  INFO 53855 --- [ms-spring-loader] [           main] o.a.k.clients.producer.KafkaProducer     : [Producer clientId=ms-spring-loader-producer-1] Instantiated an idempotent producer.
2026-05-05T02:17:26.765+03:00  INFO 53855 --- [ms-spring-loader] [           main] o.a.kafka.common.utils.AppInfoParser     : Kafka version: 3.7.1
2026-05-05T02:17:26.765+03:00  INFO 53855 --- [ms-spring-loader] [           main] o.a.kafka.common.utils.AppInfoParser     : Kafka commitId: e2494e6ffb89f828
2026-05-05T02:17:26.765+03:00  INFO 53855 --- [ms-spring-loader] [           main] o.a.kafka.common.utils.AppInfoParser     : Kafka startTimeMs: 1777936646765
2026-05-05T02:17:26.768+03:00  INFO 53855 --- [ms-spring-loader] [ader-producer-1] org.apache.kafka.clients.Metadata        : [Producer clientId=ms-spring-loader-producer-1] Cluster ID: 4L6g3nShT-eMCtK--X86sw
2026-05-05T02:17:26.878+03:00  INFO 53855 --- [ms-spring-loader] [ader-producer-1] o.a.k.c.p.internals.TransactionManager   : [Producer clientId=ms-spring-loader-producer-1] ProducerId set to 0 with epoch 0
]]></system-out>
    <system-err><![CDATA[May 05, 2026 2:17:23 AM org.junit.platform.launcher.core.LauncherConfigurationParameters loadClasspathResource
WARNING: Discovered 2 'junit-platform.properties' configuration files in the classpath; only the first will be used.
May 05, 2026 2:17:23 AM org.junit.platform.launcher.core.LauncherConfigurationParameters loadClasspathResource
WARNING: Discovered 2 'junit-platform.properties' configuration files in the classpath; only the first will be used.
May 05, 2026 2:17:23 AM org.junit.platform.launcher.core.LauncherConfigurationParameters loadClasspathResource
WARNING: Discovered 2 'junit-platform.properties' configuration files in the classpath; only the first will be used.
]]></system-err>
  </testcase>
</testsuite>